
========================================================================================================================
DATASET: ECL
========================================================================================================================

########################################################################################################################
INPUT_LEN: 96
########################################################################################################################

Global Best per pred_len (across patch & beta):
pred_len=96 → mse=0.135907, mae=0.226831, patch=3, beta=0.8
pred_len=192 → mse=0.152638, mae=0.242170, patch=3, beta=0.8
pred_len=336 → mse=0.166301, mae=0.259449, patch=3, beta=0.8
pred_len=720 → mse=0.196275, mae=0.285776, patch=3, beta=0.8

Average of best MSE across pred_len:
avg_best_mse = 0.162780
avg_best_mae = 0.253556

------------------------------------------------------------------------------------------------------------------------
PATCH = 3
------------------------------------------------------------------------------------------------------------------------

Wide table:
        mse_96   mse_192   mse_336   mse_720    mae_96  mae_192   mae_336   mae_720  avg_mse   avg_mae coverage
beta                                                                                                           
0.8   0.135907  0.152638  0.166301  0.196275  0.226831  0.24217  0.259449  0.285776  0.16278  0.253556      4/4

Best beta per pred_len (by MSE):
pred_len=96 → beta=0.8, mse=0.135907
pred_len=192 → beta=0.8, mse=0.152638
pred_len=336 → beta=0.8, mse=0.166301
pred_len=720 → beta=0.8, mse=0.196275

Overall best beta (by avg_mse):
beta=0.8, avg_mse=0.162780, avg_mae=0.253556, coverage=4/4



========================================================================================================================
DATASET: ETTh1
========================================================================================================================

########################################################################################################################
INPUT_LEN: 96
########################################################################################################################

Global Best per pred_len (across patch & beta):
pred_len=96 → mse=0.370964, mae=0.389247, patch=3, beta=0.2
pred_len=192 → mse=0.424473, mae=0.419637, patch=3, beta=0.2
pred_len=336 → mse=0.466558, mae=0.441709, patch=48, beta=0.02
pred_len=720 → mse=0.465679, mae=0.461116, patch=48, beta=0.01

Average of best MSE across pred_len:
avg_best_mse = 0.431919
avg_best_mae = 0.427928

------------------------------------------------------------------------------------------------------------------------
PATCH = 3
------------------------------------------------------------------------------------------------------------------------

Wide table:
        mse_96   mse_192   mse_336   mse_720    mae_96   mae_192   mae_336   mae_720   avg_mse   avg_mae coverage
beta                                                                                                             
0.01  0.371567  0.424661  0.466584  0.465733  0.391074  0.421080  0.441757  0.461159  0.432136  0.428768      4/4
0.02  0.371539  0.424626  0.466591  0.465828  0.390975  0.420990  0.441728  0.461146  0.432146  0.428710      4/4
0.05  0.371400  0.424587  0.466638  0.466197  0.390665  0.420748  0.441610  0.461170  0.432206  0.428548      4/4
0.10  0.371208  0.424529  0.466772  0.466740  0.390158  0.420357  0.441443  0.461232  0.432312  0.428297      4/4
0.20  0.370964  0.424473  0.467081  0.468265  0.389247  0.419637  0.441136  0.461467  0.432696  0.427872      4/4
0.50  0.371218  0.425254  0.468929  0.481541  0.387141  0.417999  0.440651  0.465409  0.436736  0.427800      4/4
0.90  0.375387  0.430291  0.478152  0.509243  0.385998  0.417872  0.442636  0.476954  0.448268  0.430865      4/4
1.00  0.381337  0.435463  0.487832  0.530981  0.388304  0.419978  0.447512  0.488009  0.458903  0.435951      4/4

Best beta per pred_len (by MSE):
pred_len=96 → beta=0.2, mse=0.370964
pred_len=192 → beta=0.2, mse=0.424473
pred_len=336 → beta=0.01, mse=0.466584
pred_len=720 → beta=0.01, mse=0.465733

Overall best beta (by avg_mse):
beta=0.01, avg_mse=0.432136, avg_mae=0.428768, coverage=4/4

------------------------------------------------------------------------------------------------------------------------
PATCH = 6
------------------------------------------------------------------------------------------------------------------------

Wide table:
        mse_96   mse_192   mse_336   mse_720    mae_96   mae_192   mae_336   mae_720   avg_mse   avg_mae coverage
beta                                                                                                             
0.01  0.371583  0.424656  0.466561  0.465704  0.391084  0.421079  0.441749  0.461150  0.432126  0.428766      4/4
0.02  0.371544  0.424614  0.466589  0.465808  0.390986  0.420998  0.441724  0.461148  0.432139  0.428714      4/4
0.05  0.371455  0.424582  0.466650  0.466129  0.390705  0.420760  0.441622  0.461149  0.432204  0.428559      4/4
0.10  0.371289  0.424528  0.466765  0.466732  0.390232  0.420383  0.441445  0.461218  0.432329  0.428320      4/4
0.20  0.371054  0.424503  0.467087  0.468163  0.389364  0.419679  0.441133  0.461433  0.432702  0.427902      4/4
0.50  0.371460  0.425231  0.468773  0.480740  0.387390  0.418073  0.440571  0.464916  0.436551  0.427737      4/4
0.90  0.375715  0.429973  0.477120  0.507199  0.386360  0.417896  0.442164  0.475952  0.447502  0.430593      4/4
1.00  0.381403  0.435066  0.486349  0.528444  0.388516  0.419982  0.446778  0.486848  0.457816  0.435531      4/4

Best beta per pred_len (by MSE):
pred_len=96 → beta=0.2, mse=0.371054
pred_len=192 → beta=0.2, mse=0.424503
pred_len=336 → beta=0.01, mse=0.466561
pred_len=720 → beta=0.01, mse=0.465704

Overall best beta (by avg_mse):
beta=0.01, avg_mse=0.432126, avg_mae=0.428766, coverage=4/4

------------------------------------------------------------------------------------------------------------------------
PATCH = 12
------------------------------------------------------------------------------------------------------------------------

Wide table:
        mse_96   mse_192   mse_336   mse_720    mae_96   mae_192   mae_336   mae_720   avg_mse   avg_mae coverage
beta                                                                                                             
0.01  0.371573  0.424656  0.466566  0.465698  0.391092  0.421083  0.441763  0.461147  0.432123  0.428771      4/4
0.02  0.371518  0.424660  0.466576  0.465791  0.390989  0.421006  0.441726  0.461115  0.432136  0.428709      4/4
0.05  0.371431  0.424611  0.466650  0.465997  0.390698  0.420775  0.441621  0.461094  0.432172  0.428547      4/4
0.10  0.371260  0.424542  0.466720  0.466447  0.390227  0.420399  0.441439  0.461082  0.432242  0.428287      4/4
0.20  0.371039  0.424543  0.467007  0.467474  0.389359  0.419724  0.441109  0.461123  0.432516  0.427829      4/4
0.50  0.371384  0.425331  0.468570  0.479066  0.387405  0.418161  0.440428  0.463731  0.436088  0.427431      4/4
0.90  0.375442  0.430125  0.477071  0.504494  0.386344  0.417977  0.442061  0.473132  0.446783  0.429878      4/4
1.00  0.381132  0.435231  0.486340  0.525548  0.388530  0.420055  0.446725  0.483332  0.457063  0.434661      4/4

Best beta per pred_len (by MSE):
pred_len=96 → beta=0.2, mse=0.371039
pred_len=192 → beta=0.1, mse=0.424542
pred_len=336 → beta=0.01, mse=0.466566
pred_len=720 → beta=0.01, mse=0.465698

Overall best beta (by avg_mse):
beta=0.01, avg_mse=0.432123, avg_mae=0.428771, coverage=4/4

------------------------------------------------------------------------------------------------------------------------
PATCH = 24
------------------------------------------------------------------------------------------------------------------------

Wide table:
        mse_96   mse_192   mse_336   mse_720    mae_96   mae_192   mae_336   mae_720   avg_mse   avg_mae coverage
beta                                                                                                             
0.01  0.371578  0.424672  0.466566  0.465705  0.391108  0.421082  0.441758  0.461154  0.432130  0.428775      4/4
0.02  0.371564  0.424615  0.466595  0.465803  0.390986  0.421001  0.441724  0.461125  0.432144  0.428709      4/4
0.05  0.371413  0.424603  0.466654  0.465983  0.390677  0.420773  0.441614  0.461092  0.432163  0.428539      4/4
0.10  0.371263  0.424548  0.466699  0.466342  0.390204  0.420411  0.441419  0.461038  0.432213  0.428268      4/4
0.20  0.371020  0.424538  0.466958  0.467386  0.389284  0.419732  0.441075  0.461010  0.432476  0.427775      4/4
0.50  0.371292  0.425323  0.468511  0.478349  0.387178  0.418173  0.440344  0.463211  0.435869  0.427227      4/4
0.90  0.375552  0.430040  0.476895  0.503018  0.386009  0.417987  0.441786  0.472042  0.446376  0.429456      4/4
1.00  0.381328  0.435083  0.486161  0.523799  0.388294  0.420059  0.446420  0.481966  0.456593  0.434185      4/4

Best beta per pred_len (by MSE):
pred_len=96 → beta=0.2, mse=0.371020
pred_len=192 → beta=0.2, mse=0.424538
pred_len=336 → beta=0.01, mse=0.466566
pred_len=720 → beta=0.01, mse=0.465705

Overall best beta (by avg_mse):
beta=0.01, avg_mse=0.432130, avg_mae=0.428775, coverage=4/4

------------------------------------------------------------------------------------------------------------------------
PATCH = 48
------------------------------------------------------------------------------------------------------------------------

Wide table:
        mse_96   mse_192   mse_336   mse_720    mae_96   mae_192   mae_336   mae_720   avg_mse   avg_mae coverage
beta                                                                                                             
0.01  0.371591  0.424659  0.466573  0.465679  0.391090  0.421083  0.441754  0.461116  0.432126  0.428761      4/4
0.02  0.371526  0.424648  0.466558  0.465788  0.390982  0.421009  0.441709  0.461124  0.432130  0.428706      4/4
0.05  0.371406  0.424604  0.466638  0.466004  0.390668  0.420764  0.441613  0.461071  0.432163  0.428529      4/4
0.10  0.371215  0.424565  0.466721  0.466387  0.390160  0.420393  0.441417  0.461024  0.432222  0.428249      4/4
0.20  0.371030  0.424530  0.466996  0.467383  0.389271  0.419676  0.441090  0.460982  0.432485  0.427755      4/4
0.50  0.371284  0.425298  0.468478  0.478583  0.387107  0.418035  0.440351  0.463332  0.435911  0.427207      4/4
0.90  0.375443  0.430018  0.476835  0.503330  0.385887  0.417667  0.441792  0.472176  0.446407  0.429381      4/4
1.00  0.381285  0.435084  0.486063  0.524275  0.388178  0.419723  0.446384  0.482172  0.456677  0.434115      4/4

Best beta per pred_len (by MSE):
pred_len=96 → beta=0.2, mse=0.371030
pred_len=192 → beta=0.2, mse=0.424530
pred_len=336 → beta=0.02, mse=0.466558
pred_len=720 → beta=0.01, mse=0.465679

Overall best beta (by avg_mse):
beta=0.01, avg_mse=0.432126, avg_mae=0.428761, coverage=4/4



========================================================================================================================
DATASET: ETTh2
========================================================================================================================

########################################################################################################################
INPUT_LEN: 96
########################################################################################################################

Global Best per pred_len (across patch & beta):
pred_len=96 → mse=0.283215, mae=0.333043, patch=6, beta=0.5
pred_len=192 → mse=0.360813, mae=0.383118, patch=3, beta=0.6
pred_len=336 → mse=0.409210, mae=0.419530, patch=3, beta=0.9
pred_len=720 → mse=0.391735, mae=0.418362, patch=6, beta=0.9

Average of best MSE across pred_len:
avg_best_mse = 0.361243
avg_best_mae = 0.388513

------------------------------------------------------------------------------------------------------------------------
PATCH = 3
------------------------------------------------------------------------------------------------------------------------

Wide table:
        mse_96   mse_192   mse_336   mse_720    mae_96   mae_192   mae_336   mae_720   avg_mse   avg_mae coverage
beta                                                                                                             
0.01  0.284619  0.362711  0.412576  0.396299  0.335755  0.387736  0.425607  0.422223  0.364051  0.392830      4/4
0.02  0.284562  0.362629  0.412530  0.396234  0.335697  0.387629  0.425561  0.422169  0.363989  0.392764      4/4
0.05  0.284414  0.362407  0.412392  0.396045  0.335509  0.387328  0.425425  0.422008  0.363815  0.392567      4/4
0.10  0.284200  0.362053  0.412169  0.395707  0.335197  0.386869  0.425194  0.421728  0.363532  0.392247      4/4
0.20  0.283777  0.361864  0.411724  0.395068  0.334594  0.386113  0.424701  0.421182  0.363108  0.391647      4/4
0.30  0.283505  0.361408  0.411296  0.394435  0.334054  0.385305  0.424183  0.420646  0.362661  0.391047      4/4
0.40  0.283327  0.361081  0.410879  0.393833  0.333543  0.384544  0.423618  0.420133  0.362280  0.390459      4/4
0.50  0.283241  0.360865  0.410449  0.393258  0.333075  0.383812  0.422996  0.419645  0.361953  0.389882      4/4
0.60  0.283295  0.360813  0.410032  0.392752  0.332606  0.383118  0.422298  0.419190  0.361723  0.389303      4/4
0.70  0.283606  0.360897  0.409657  0.392356  0.332224  0.382454  0.421506  0.418796  0.361629  0.388745      4/4
0.80  0.284065  0.361009  0.409355  0.392047  0.331884  0.381857  0.420583  0.418474  0.361619  0.388200      4/4
0.90  0.284713  0.361459  0.409210  0.391979  0.331613  0.381168  0.419530  0.418281  0.361840  0.387648      4/4
1.00  0.285672  0.362357  0.409500  0.392262  0.331528  0.380596  0.418363  0.418307  0.362448  0.387198      4/4

Best beta per pred_len (by MSE):
pred_len=96 → beta=0.5, mse=0.283241
pred_len=192 → beta=0.6, mse=0.360813
pred_len=336 → beta=0.9, mse=0.409210
pred_len=720 → beta=0.9, mse=0.391979

Overall best beta (by avg_mse):
beta=0.8, avg_mse=0.361619, avg_mae=0.388200, coverage=4/4

------------------------------------------------------------------------------------------------------------------------
PATCH = 6
------------------------------------------------------------------------------------------------------------------------

Wide table:
        mse_96   mse_192   mse_336   mse_720    mae_96   mae_192   mae_336   mae_720   avg_mse   avg_mae coverage
beta                                                                                                             
0.01  0.284601  0.362702  0.412577  0.396294  0.335747  0.387729  0.425608  0.422226  0.364043  0.392827      4/4
0.02  0.284544  0.362642  0.412532  0.396229  0.335679  0.387635  0.425563  0.422175  0.363987  0.392763      4/4
0.05  0.284420  0.362408  0.412397  0.396043  0.335507  0.387332  0.425427  0.422020  0.363817  0.392571      4/4
0.10  0.284183  0.362099  0.412173  0.395705  0.335185  0.386889  0.425193  0.421753  0.363540  0.392255      4/4
0.20  0.283759  0.361885  0.411747  0.395050  0.334580  0.386130  0.424707  0.421229  0.363110  0.391662      4/4
0.30  0.283470  0.361445  0.411339  0.394398  0.334038  0.385311  0.424200  0.420704  0.362663  0.391063      4/4
0.40  0.283279  0.361087  0.410942  0.393761  0.333504  0.384524  0.423649  0.420196  0.362267  0.390468      4/4
0.50  0.283215  0.360916  0.410544  0.393156  0.333043  0.383815  0.423036  0.419711  0.361958  0.389901      4/4
0.60  0.283263  0.360835  0.410158  0.392623  0.332578  0.383122  0.422356  0.419260  0.361720  0.389329      4/4
0.70  0.283531  0.360934  0.409821  0.392177  0.332188  0.382452  0.421582  0.418861  0.361616  0.388771      4/4
0.80  0.284012  0.361050  0.409578  0.391823  0.331868  0.381864  0.420692  0.418542  0.361616  0.388241      4/4
0.90  0.284686  0.361529  0.409477  0.391735  0.331618  0.381192  0.419651  0.418362  0.361857  0.387706      4/4
1.00  0.285708  0.362428  0.409831  0.392037  0.331565  0.380622  0.418505  0.418436  0.362501  0.387282      4/4

Best beta per pred_len (by MSE):
pred_len=96 → beta=0.5, mse=0.283215
pred_len=192 → beta=0.6, mse=0.360835
pred_len=336 → beta=0.9, mse=0.409477
pred_len=720 → beta=0.9, mse=0.391735

Overall best beta (by avg_mse):
beta=0.7, avg_mse=0.361616, avg_mae=0.388771, coverage=4/4

------------------------------------------------------------------------------------------------------------------------
PATCH = 12
------------------------------------------------------------------------------------------------------------------------

Wide table:
        mse_96   mse_192   mse_336   mse_720    mae_96   mae_192   mae_336   mae_720   avg_mse   avg_mae coverage
beta                                                                                                             
0.01  0.284596  0.362723  0.412580  0.396315  0.335739  0.387736  0.425609  0.422232  0.364054  0.392829      4/4
0.02  0.284578  0.362631  0.412525  0.396255  0.335700  0.387635  0.425559  0.422182  0.363997  0.392769      4/4
0.05  0.284411  0.362425  0.412397  0.396077  0.335509  0.387337  0.425428  0.422029  0.363828  0.392576      4/4
0.10  0.284187  0.362102  0.412186  0.395789  0.335192  0.386891  0.425199  0.421781  0.363566  0.392266      4/4
0.20  0.283731  0.361884  0.411778  0.395237  0.334565  0.386133  0.424724  0.421296  0.363158  0.391680      4/4
0.30  0.283450  0.361458  0.411362  0.394729  0.334018  0.385333  0.424219  0.420835  0.362750  0.391101      4/4
0.40  0.283270  0.361138  0.410976  0.394234  0.333500  0.384562  0.423674  0.420394  0.362404  0.390532      4/4
0.50  0.283222  0.360903  0.410594  0.393798  0.333044  0.383831  0.423074  0.419990  0.362129  0.389985      4/4
0.60  0.283245  0.360830  0.410207  0.393475  0.332576  0.383125  0.422393  0.419646  0.361939  0.389435      4/4
0.70  0.283510  0.360945  0.409885  0.393302  0.332183  0.382466  0.421631  0.419382  0.361910  0.388915      4/4
0.80  0.284020  0.361047  0.409665  0.393291  0.331884  0.381874  0.420761  0.419234  0.362006  0.388438      4/4
0.90  0.284695  0.361563  0.409579  0.393515  0.331631  0.381220  0.419727  0.419232  0.362338  0.387952      4/4
1.00  0.285710  0.362438  0.409947  0.394114  0.331597  0.380639  0.418590  0.419456  0.363052  0.387570      4/4

Best beta per pred_len (by MSE):
pred_len=96 → beta=0.5, mse=0.283222
pred_len=192 → beta=0.6, mse=0.360830
pred_len=336 → beta=0.9, mse=0.409579
pred_len=720 → beta=0.8, mse=0.393291

Overall best beta (by avg_mse):
beta=0.7, avg_mse=0.361910, avg_mae=0.388915, coverage=4/4

------------------------------------------------------------------------------------------------------------------------
PATCH = 24
------------------------------------------------------------------------------------------------------------------------

Wide table:
        mse_96   mse_192   mse_336   mse_720    mae_96   mae_192   mae_336   mae_720   avg_mse   avg_mae coverage
beta                                                                                                             
0.01  0.284614  0.362712  0.412578  0.396319  0.335751  0.387729  0.425609  0.422235  0.364056  0.392831      4/4
0.02  0.284575  0.362660  0.412531  0.396261  0.335706  0.387648  0.425562  0.422186  0.364007  0.392775      4/4
0.05  0.284404  0.362417  0.412402  0.396089  0.335497  0.387339  0.425431  0.422047  0.363828  0.392579      4/4
0.10  0.284194  0.362106  0.412183  0.395817  0.335193  0.386889  0.425201  0.421810  0.363575  0.392273      4/4
0.20  0.283747  0.361864  0.411758  0.395294  0.334579  0.386120  0.424719  0.421361  0.363166  0.391695      4/4
0.30  0.283457  0.361452  0.411361  0.394799  0.334025  0.385321  0.424220  0.420923  0.362767  0.391122      4/4
0.40  0.283300  0.361095  0.410971  0.394317  0.333505  0.384555  0.423674  0.420501  0.362421  0.390559      4/4
0.50  0.283230  0.360905  0.410578  0.393909  0.333048  0.383839  0.423071  0.420121  0.362155  0.390020      4/4
0.60  0.283276  0.360843  0.410197  0.393583  0.332574  0.383139  0.422397  0.419792  0.361975  0.389475      4/4
0.70  0.283539  0.360923  0.409871  0.393411  0.332181  0.382477  0.421630  0.419547  0.361936  0.388959      4/4
0.80  0.283999  0.361051  0.409658  0.393411  0.331860  0.381893  0.420763  0.419410  0.362030  0.388482      4/4
0.90  0.284664  0.361529  0.409579  0.393650  0.331600  0.381220  0.419728  0.419432  0.362356  0.387995      4/4
1.00  0.285684  0.362445  0.409960  0.394267  0.331551  0.380661  0.418596  0.419677  0.363089  0.387621      4/4

Best beta per pred_len (by MSE):
pred_len=96 → beta=0.5, mse=0.283230
pred_len=192 → beta=0.6, mse=0.360843
pred_len=336 → beta=0.9, mse=0.409579
pred_len=720 → beta=0.7, mse=0.393411

Overall best beta (by avg_mse):
beta=0.7, avg_mse=0.361936, avg_mae=0.388959, coverage=4/4



========================================================================================================================
DATASET: ETTm1
========================================================================================================================

########################################################################################################################
INPUT_LEN: 96
########################################################################################################################

Global Best per pred_len (across patch & beta):
pred_len=96 → mse=0.308946, mae=0.343285, patch=12, beta=0.8
pred_len=192 → mse=0.349643, mae=0.370100, patch=12, beta=0.6
pred_len=336 → mse=0.384638, mae=0.395196, patch=3, beta=0.5
pred_len=720 → mse=0.442033, mae=0.429989, patch=3, beta=0.4

Average of best MSE across pred_len:
avg_best_mse = 0.371315
avg_best_mae = 0.384643

------------------------------------------------------------------------------------------------------------------------
PATCH = 3
------------------------------------------------------------------------------------------------------------------------

Wide table:
        mse_96   mse_192   mse_336   mse_720    mae_96   mae_192   mae_336   mae_720   avg_mse   avg_mae coverage
beta                                                                                                             
0.01  0.315451  0.354186  0.387217  0.443690  0.355908  0.379712  0.401915  0.433903  0.375136  0.392859      4/4
0.02  0.315257  0.354053  0.387147  0.443214  0.355698  0.379498  0.401784  0.433643  0.374918  0.392656      4/4
0.05  0.315015  0.353833  0.386909  0.443050  0.355184  0.379037  0.401350  0.433318  0.374702  0.392222      4/4
0.10  0.314426  0.353231  0.386545  0.442802  0.354275  0.378089  0.400650  0.432837  0.374251  0.391463      4/4
0.20  0.313270  0.352328  0.385810  0.442318  0.352438  0.376456  0.399205  0.431811  0.373432  0.389978      4/4
0.30  0.312361  0.351290  0.385303  0.442085  0.350831  0.374734  0.397845  0.430878  0.372760  0.388572      4/4
0.40  0.311483  0.350553  0.384879  0.442033  0.349260  0.373096  0.396504  0.429989  0.372237  0.387212      4/4
0.50  0.310805  0.350162  0.384638  0.442123  0.347784  0.371618  0.395196  0.429162  0.371932  0.385940      4/4
0.60  0.310326  0.350056  0.384773  0.442573  0.346478  0.370205  0.394016  0.428439  0.371932  0.384785      4/4
0.70  0.309829  0.350317  0.385223  0.443492  0.345071  0.369050  0.392860  0.427953  0.372215  0.383734      4/4
0.80  0.309525  0.351613  0.386381  0.445233  0.343614  0.368349  0.392014  0.427918  0.373188  0.382974      4/4
0.90  0.310267  0.354213  0.388582  0.448616  0.342700  0.368549  0.391726  0.428886  0.375420  0.382965      4/4
1.00  0.314591  0.360713  0.393017  0.455908  0.344585  0.372045  0.392250  0.432362  0.381057  0.385310      4/4

Best beta per pred_len (by MSE):
pred_len=96 → beta=0.8, mse=0.309525
pred_len=192 → beta=0.6, mse=0.350056
pred_len=336 → beta=0.5, mse=0.384638
pred_len=720 → beta=0.4, mse=0.442033

Overall best beta (by avg_mse):
beta=0.5, avg_mse=0.371932, avg_mae=0.385940, coverage=4/4

------------------------------------------------------------------------------------------------------------------------
PATCH = 6
------------------------------------------------------------------------------------------------------------------------

Wide table:
        mse_96   mse_192   mse_336   mse_720    mae_96   mae_192   mae_336   mae_720   avg_mse   avg_mae coverage
beta                                                                                                             
0.01  0.315532  0.354207  0.387248  0.443697  0.355982  0.379738  0.401935  0.433934  0.375171  0.392897      4/4
0.02  0.315097  0.354058  0.387161  0.443641  0.355597  0.379520  0.401784  0.433838  0.374989  0.392685      4/4
0.05  0.315074  0.353775  0.386916  0.443052  0.355253  0.379008  0.401360  0.433354  0.374704  0.392244      4/4
0.10  0.314359  0.353284  0.386559  0.442819  0.354222  0.378161  0.400655  0.432875  0.374255  0.391478      4/4
0.20  0.313361  0.352341  0.385852  0.442444  0.352579  0.376496  0.399252  0.431948  0.373500  0.390069      4/4
0.30  0.312153  0.351309  0.385370  0.442186  0.350677  0.374814  0.397917  0.431040  0.372755  0.388612      4/4
0.40  0.311374  0.350465  0.384947  0.442082  0.349221  0.373123  0.396583  0.430143  0.372217  0.387267      4/4
0.50  0.310609  0.350023  0.384729  0.442250  0.347669  0.371650  0.395319  0.429337  0.371903  0.385994      4/4
0.60  0.309831  0.349838  0.384826  0.442628  0.346192  0.370248  0.394091  0.428584  0.371781  0.384779      4/4
0.70  0.309420  0.350163  0.385396  0.443625  0.344750  0.369129  0.392938  0.428140  0.372151  0.383739      4/4
0.80  0.309095  0.351355  0.386564  0.445240  0.343286  0.368385  0.392058  0.428040  0.373064  0.382942      4/4
0.90  0.309476  0.354033  0.388522  0.448691  0.342192  0.368664  0.391689  0.428941  0.375180  0.382872      4/4
1.00  0.313621  0.360636  0.392432  0.456115  0.344091  0.372309  0.391893  0.432442  0.380701  0.385184      4/4

Best beta per pred_len (by MSE):
pred_len=96 → beta=0.8, mse=0.309095
pred_len=192 → beta=0.6, mse=0.349838
pred_len=336 → beta=0.5, mse=0.384729
pred_len=720 → beta=0.4, mse=0.442082

Overall best beta (by avg_mse):
beta=0.6, avg_mse=0.371781, avg_mae=0.384779, coverage=4/4

------------------------------------------------------------------------------------------------------------------------
PATCH = 12
------------------------------------------------------------------------------------------------------------------------

Wide table:
        mse_96   mse_192   mse_336   mse_720    mae_96   mae_192   mae_336   mae_720   avg_mse   avg_mae coverage
beta                                                                                                             
0.01  0.315482  0.354165  0.387198  0.443272  0.355940  0.379703  0.401916  0.433772  0.375029  0.392833      4/4
0.02  0.315636  0.354053  0.387121  0.443597  0.355939  0.379512  0.401755  0.433812  0.375102  0.392754      4/4
0.05  0.314907  0.353747  0.386924  0.443040  0.355128  0.378969  0.401376  0.433365  0.374655  0.392210      4/4
0.10  0.314386  0.353179  0.386562  0.442836  0.354243  0.378089  0.400673  0.432889  0.374241  0.391473      4/4
0.20  0.313323  0.352186  0.385891  0.442444  0.352577  0.376372  0.399295  0.431983  0.373461  0.390057      4/4
0.30  0.312250  0.351036  0.385375  0.442200  0.350860  0.374617  0.397966  0.431060  0.372715  0.388626      4/4
0.40  0.311359  0.350293  0.384969  0.442181  0.349264  0.372999  0.396618  0.430234  0.372200  0.387279      4/4
0.50  0.310600  0.349787  0.384781  0.442216  0.347718  0.371446  0.395349  0.429372  0.371846  0.385971      4/4
0.60  0.309854  0.349643  0.384852  0.442611  0.346200  0.370100  0.394104  0.428634  0.371740  0.384759      4/4
0.70  0.309301  0.349832  0.385446  0.443573  0.344775  0.368851  0.392984  0.428164  0.372038  0.383694      4/4
0.80  0.308946  0.350941  0.386533  0.445328  0.343285  0.368063  0.392057  0.428116  0.372937  0.382880      4/4
0.90  0.309334  0.353595  0.388614  0.448701  0.342150  0.368315  0.391728  0.428954  0.375061  0.382787      4/4
1.00  0.313476  0.360111  0.392507  0.456108  0.344001  0.371884  0.391941  0.432433  0.380550  0.385065      4/4

Best beta per pred_len (by MSE):
pred_len=96 → beta=0.8, mse=0.308946
pred_len=192 → beta=0.6, mse=0.349643
pred_len=336 → beta=0.5, mse=0.384781
pred_len=720 → beta=0.4, mse=0.442181

Overall best beta (by avg_mse):
beta=0.6, avg_mse=0.371740, avg_mae=0.384759, coverage=4/4



========================================================================================================================
DATASET: ETTm2
========================================================================================================================

########################################################################################################################
INPUT_LEN: 96
########################################################################################################################

Global Best per pred_len (across patch & beta):
pred_len=96 → mse=0.165329, mae=0.245345, patch=3, beta=0.6
pred_len=192 → mse=0.229679, mae=0.287953, patch=3, beta=0.7
pred_len=336 → mse=0.287321, mae=0.327248, patch=3, beta=0.6
pred_len=720 → mse=0.382955, mae=0.385127, patch=6, beta=0.6

Average of best MSE across pred_len:
avg_best_mse = 0.266321
avg_best_mae = 0.311418

------------------------------------------------------------------------------------------------------------------------
PATCH = 3
------------------------------------------------------------------------------------------------------------------------

Wide table:
        mse_96   mse_192   mse_336   mse_720    mae_96   mae_192   mae_336   mae_720   avg_mse   avg_mae coverage
beta                                                                                                             
0.01  0.167034  0.231709  0.289496  0.385204  0.249080  0.292261  0.331000  0.389016  0.268361  0.315339      4/4
0.02  0.166978  0.231649  0.289386  0.385152  0.248854  0.292170  0.330893  0.388958  0.268291  0.315219      4/4
0.05  0.166864  0.231452  0.289220  0.384971  0.248567  0.291844  0.330685  0.388697  0.268127  0.314949      4/4
0.10  0.166595  0.231100  0.288940  0.384606  0.248112  0.291332  0.330333  0.388254  0.267810  0.314508      4/4
0.20  0.166216  0.230574  0.288410  0.384148  0.247308  0.290427  0.329648  0.387558  0.267337  0.313735      4/4
0.30  0.165808  0.230233  0.287993  0.383660  0.246725  0.289755  0.328992  0.386895  0.266923  0.313092      4/4
0.40  0.165554  0.229955  0.287628  0.383415  0.246162  0.289187  0.328372  0.386317  0.266638  0.312509      4/4
0.50  0.165413  0.229888  0.287384  0.383164  0.245727  0.288780  0.327784  0.385762  0.266462  0.312013      4/4
0.60  0.165329  0.229834  0.287321  0.383011  0.245345  0.288384  0.327248  0.385221  0.266374  0.311550      4/4
0.70  0.165382  0.229679  0.287403  0.383083  0.245080  0.287953  0.326823  0.384778  0.266387  0.311159      4/4
0.80  0.165508  0.229707  0.287874  0.383392  0.244876  0.287599  0.326685  0.384387  0.266620  0.310887      4/4
0.90  0.165671  0.230087  0.288411  0.384042  0.244725  0.287517  0.326355  0.384133  0.267053  0.310682      4/4
1.00  0.165870  0.230733  0.289218  0.386295  0.244624  0.287614  0.326368  0.384704  0.268029  0.310828      4/4

Best beta per pred_len (by MSE):
pred_len=96 → beta=0.6, mse=0.165329
pred_len=192 → beta=0.7, mse=0.229679
pred_len=336 → beta=0.6, mse=0.287321
pred_len=720 → beta=0.6, mse=0.383011

Overall best beta (by avg_mse):
beta=0.6, avg_mse=0.266374, avg_mae=0.311550, coverage=4/4

------------------------------------------------------------------------------------------------------------------------
PATCH = 6
------------------------------------------------------------------------------------------------------------------------

Wide table:
        mse_96   mse_192   mse_336   mse_720    mae_96   mae_192   mae_336   mae_720   avg_mse   avg_mae coverage
beta                                                                                                             
0.01  0.167076  0.231655  0.289470  0.385148  0.249123  0.292220  0.330985  0.389007  0.268337  0.315334      4/4
0.02  0.166954  0.231648  0.289417  0.385121  0.248972  0.292166  0.330910  0.388943  0.268285  0.315248      4/4
0.05  0.166866  0.231490  0.289221  0.384968  0.248601  0.291870  0.330684  0.388711  0.268136  0.314966      4/4
0.10  0.166575  0.231103  0.288920  0.384635  0.248241  0.291331  0.330294  0.388295  0.267808  0.314540      4/4
0.20  0.166235  0.230654  0.288412  0.384154  0.247374  0.290507  0.329580  0.387554  0.267364  0.313754      4/4
0.30  0.165837  0.230270  0.287950  0.383561  0.246820  0.289814  0.328903  0.386777  0.266905  0.313079      4/4
0.40  0.165592  0.230201  0.287574  0.383431  0.246262  0.289385  0.328253  0.386340  0.266700  0.312560      4/4
0.50  0.165433  0.229935  0.287382  0.383080  0.245822  0.288859  0.327673  0.385663  0.266458  0.312004      4/4
0.60  0.165410  0.229879  0.287327  0.382955  0.245478  0.288458  0.327107  0.385127  0.266393  0.311543      4/4
0.70  0.165439  0.229796  0.287554  0.383053  0.245208  0.288070  0.326811  0.384701  0.266461  0.311197      4/4
0.80  0.165532  0.229779  0.287674  0.383282  0.245001  0.287711  0.326071  0.384303  0.266567  0.310771      4/4
0.90  0.165646  0.230115  0.288256  0.383833  0.244803  0.287601  0.325958  0.383989  0.266962  0.310588      4/4
1.00  0.165874  0.230740  0.289276  0.386045  0.244722  0.287672  0.326112  0.384582  0.267984  0.310772      4/4

Best beta per pred_len (by MSE):
pred_len=96 → beta=0.6, mse=0.165410
pred_len=192 → beta=0.8, mse=0.229779
pred_len=336 → beta=0.6, mse=0.287327
pred_len=720 → beta=0.6, mse=0.382955

Overall best beta (by avg_mse):
beta=0.6, avg_mse=0.266393, avg_mae=0.311543, coverage=4/4

------------------------------------------------------------------------------------------------------------------------
PATCH = 12
------------------------------------------------------------------------------------------------------------------------

Wide table:
        mse_96   mse_192   mse_336   mse_720    mae_96   mae_192   mae_336   mae_720   avg_mse   avg_mae coverage
beta                                                                                                             
0.01  0.167098  0.231716  0.289456  0.385200  0.249007  0.292282  0.330984  0.389020  0.268367  0.315323      4/4
0.02  0.166967  0.231644  0.289372  0.385153  0.248980  0.292165  0.330889  0.388952  0.268284  0.315246      4/4
0.05  0.166933  0.231445  0.289251  0.384949  0.248640  0.291860  0.330703  0.388708  0.268144  0.314978      4/4
0.10  0.166611  0.231148  0.288946  0.384600  0.248155  0.291371  0.330321  0.388271  0.267827  0.314529      4/4
0.20  0.166258  0.230678  0.288413  0.384106  0.247398  0.290547  0.329591  0.387573  0.267364  0.313777      4/4
0.30  0.165837  0.230317  0.287880  0.383634  0.246825  0.289871  0.328872  0.386831  0.266917  0.313099      4/4
0.40  0.165641  0.230220  0.287594  0.383303  0.246316  0.289428  0.328266  0.386200  0.266690  0.312552      4/4
0.50  0.165428  0.229991  0.287367  0.383114  0.245834  0.288930  0.327664  0.385661  0.266475  0.312022      4/4
0.60  0.165413  0.229847  0.287322  0.383012  0.245509  0.288480  0.327107  0.385144  0.266398  0.311560      4/4
0.70  0.165445  0.229748  0.287589  0.383077  0.245233  0.288081  0.326829  0.384653  0.266465  0.311199      4/4
0.80  0.165486  0.229755  0.287749  0.383313  0.244988  0.287735  0.326116  0.384270  0.266576  0.310777      4/4
0.90  0.165619  0.230056  0.288268  0.383954  0.244807  0.287620  0.325981  0.384002  0.266974  0.310602      4/4
1.00  0.165881  0.230759  0.289288  0.385047  0.244759  0.287741  0.326141  0.383891  0.267744  0.310633      4/4

Best beta per pred_len (by MSE):
pred_len=96 → beta=0.6, mse=0.165413
pred_len=192 → beta=0.7, mse=0.229748
pred_len=336 → beta=0.6, mse=0.287322
pred_len=720 → beta=0.6, mse=0.383012

Overall best beta (by avg_mse):
beta=0.6, avg_mse=0.266398, avg_mae=0.311560, coverage=4/4



========================================================================================================================
DATASET: weather
========================================================================================================================

########################################################################################################################
INPUT_LEN: 96
########################################################################################################################

Global Best per pred_len (across patch & beta):
pred_len=96 → mse=0.152119, mae=0.191898, patch=3, beta=0.9
pred_len=192 → mse=0.202652, mae=0.240345, patch=24, beta=0.2
pred_len=336 → mse=0.259900, mae=0.280807, patch=6, beta=0.9
pred_len=720 → mse=0.340453, mae=0.336302, patch=24, beta=0.8

Average of best MSE across pred_len:
avg_best_mse = 0.238781
avg_best_mae = 0.262338

------------------------------------------------------------------------------------------------------------------------
PATCH = 3
------------------------------------------------------------------------------------------------------------------------

Wide table:
        mse_96   mse_192   mse_336   mse_720    mae_96   mae_192   mae_336   mae_720   avg_mse   avg_mae coverage
beta                                                                                                             
0.1   0.153546  0.203417  0.261587  0.343257  0.198196  0.241499  0.286158  0.341584  0.240452  0.266859      4/4
0.2   0.153164  0.202969  0.261642  0.343408  0.196967  0.240608  0.285861  0.341042  0.240296  0.266119      4/4
0.3   0.154057  0.203847  0.261627  0.342772  0.197761  0.240724  0.285194  0.339651  0.240576  0.265833      4/4
0.4   0.152984  0.203563  0.261776  0.342186  0.195745  0.240072  0.284632  0.339729  0.240127  0.265044      4/4
0.5   0.153063  0.203933  0.260743  0.341566  0.195137  0.239893  0.283265  0.338475  0.239826  0.264193      4/4
0.6   0.152743  0.204316  0.260517  0.341549  0.194093  0.239905  0.282679  0.338071  0.239781  0.263687      4/4
0.7   0.152565  0.204708  0.260138  0.341162  0.193057  0.240134  0.282003  0.337460  0.239643  0.263163      4/4
0.8   0.152682  0.204321  0.261199  0.340844  0.192705  0.239339  0.282587  0.336809  0.239761  0.262860      4/4
0.9   0.152119  0.204379  0.261739  0.341743  0.191898  0.238875  0.282590  0.337307  0.239995  0.262668      4/4
1.0   0.153138  0.204435  0.262887  0.342377  0.192540  0.238786  0.283211  0.337726  0.240709  0.263066      4/4

Best beta per pred_len (by MSE):
pred_len=96 → beta=0.9, mse=0.152119
pred_len=192 → beta=0.2, mse=0.202969
pred_len=336 → beta=0.7, mse=0.260138
pred_len=720 → beta=0.8, mse=0.340844

Overall best beta (by avg_mse):
beta=0.7, avg_mse=0.239643, avg_mae=0.263163, coverage=4/4

------------------------------------------------------------------------------------------------------------------------
PATCH = 6
------------------------------------------------------------------------------------------------------------------------

Wide table:
        mse_96   mse_192   mse_336   mse_720    mae_96   mae_192   mae_336   mae_720   avg_mse   avg_mae coverage
beta                                                                                                             
0.1   0.154295  0.203200  0.261138  0.341697  0.198717  0.241314  0.285917  0.339875  0.240083  0.266456      4/4
0.2   0.153740  0.203201  0.261761  0.342100  0.197829  0.240906  0.285937  0.339756  0.240200  0.266107      4/4
0.3   0.152988  0.203909  0.261583  0.342499  0.196271  0.241080  0.285216  0.340004  0.240245  0.265643      4/4
0.4   0.153269  0.203300  0.261494  0.342416  0.196184  0.239653  0.284710  0.339559  0.240120  0.265027      4/4
0.5   0.152998  0.204030  0.260750  0.342084  0.194853  0.239996  0.283092  0.338988  0.239966  0.264232      4/4
0.6   0.153091  0.204255  0.260243  0.341870  0.194474  0.239927  0.282196  0.338170  0.239864  0.263692      4/4
0.7   0.152958  0.204139  0.259978  0.341023  0.193338  0.239332  0.281838  0.337202  0.239525  0.262927      4/4
0.8   0.152191  0.203981  0.260556  0.340927  0.192098  0.238822  0.281492  0.336728  0.239414  0.262285      4/4
0.9   0.152843  0.203867  0.259900  0.340954  0.192934  0.238419  0.280807  0.336457  0.239391  0.262154      4/4
1.0   0.155386  0.205079  0.261726  0.340834  0.194750  0.239401  0.282162  0.336204  0.240756  0.263129      4/4

Best beta per pred_len (by MSE):
pred_len=96 → beta=0.8, mse=0.152191
pred_len=192 → beta=0.1, mse=0.203200
pred_len=336 → beta=0.9, mse=0.259900
pred_len=720 → beta=1.0, mse=0.340834

Overall best beta (by avg_mse):
beta=0.9, avg_mse=0.239391, avg_mae=0.262154, coverage=4/4

------------------------------------------------------------------------------------------------------------------------
PATCH = 12
------------------------------------------------------------------------------------------------------------------------

Wide table:
        mse_96   mse_192   mse_336   mse_720    mae_96   mae_192   mae_336   mae_720   avg_mse   avg_mae coverage
beta                                                                                                             
0.1   0.153636  0.203234  0.261631  0.343205  0.197571  0.241268  0.286275  0.342007  0.240426  0.266780      4/4
0.2   0.153821  0.202727  0.261258  0.343360  0.198213  0.240250  0.285379  0.341353  0.240291  0.266299      4/4
0.3   0.154224  0.203302  0.261558  0.342877  0.197668  0.240238  0.285407  0.340425  0.240490  0.265935      4/4
0.4   0.153256  0.203322  0.261329  0.341706  0.195951  0.239630  0.284602  0.338650  0.239903  0.264708      4/4
0.5   0.153365  0.204089  0.260663  0.341978  0.195177  0.239997  0.283018  0.338902  0.240024  0.264273      4/4
0.6   0.152945  0.204244  0.260311  0.341678  0.194439  0.239679  0.282451  0.338342  0.239794  0.263728      4/4
0.7   0.153194  0.204253  0.260342  0.341314  0.194014  0.239366  0.282224  0.337513  0.239776  0.263279      4/4
0.8   0.152981  0.203909  0.261215  0.340822  0.192871  0.238903  0.282606  0.336626  0.239732  0.262751      4/4
0.9   0.152672  0.203726  0.260875  0.341553  0.192524  0.238290  0.282103  0.336997  0.239707  0.262478      4/4
1.0   0.153720  0.204344  0.263084  0.341421  0.192659  0.238379  0.283590  0.336599  0.240642  0.262807      4/4

Best beta per pred_len (by MSE):
pred_len=96 → beta=0.9, mse=0.152672
pred_len=192 → beta=0.2, mse=0.202727
pred_len=336 → beta=0.6, mse=0.260311
pred_len=720 → beta=0.8, mse=0.340822

Overall best beta (by avg_mse):
beta=0.9, avg_mse=0.239707, avg_mae=0.262478, coverage=4/4

------------------------------------------------------------------------------------------------------------------------
PATCH = 24
------------------------------------------------------------------------------------------------------------------------

Wide table:
        mse_96   mse_192   mse_336   mse_720    mae_96   mae_192   mae_336   mae_720   avg_mse   avg_mae coverage
beta                                                                                                             
0.1   0.154155  0.203292  0.261477  0.343408  0.198771  0.241426  0.285968  0.341803  0.240583  0.266992      4/4
0.2   0.153487  0.202652  0.261898       NaN  0.197386  0.240345  0.285952       NaN  0.206013  0.241228      3/4
0.3   0.154129  0.203372  0.261507  0.342642  0.197602  0.240426  0.285362  0.340158  0.240412  0.265887      4/4
0.4   0.153572  0.203412  0.261274       NaN  0.196245  0.239844  0.284515       NaN  0.206086  0.240201      3/4
0.5   0.153253  0.203962  0.261179  0.341928  0.194979  0.240082  0.283672  0.338833  0.240080  0.264392      4/4
0.6   0.152268  0.204015  0.260544  0.341842  0.193448  0.239456  0.282574  0.338221  0.239667  0.263425      4/4
0.7   0.153028  0.204196  0.260222  0.340966  0.193865  0.239456  0.282136  0.337262  0.239603  0.263180      4/4
0.8   0.152643  0.203915  0.261168  0.340453  0.192977  0.238957  0.282107  0.336302  0.239545  0.262586      4/4
0.9   0.152570  0.204135  0.261401  0.340942  0.192464  0.238927  0.282012  0.336656  0.239762  0.262515      4/4
1.0   0.152598  0.204277  0.262654  0.341817  0.192062  0.238423  0.282727  0.337054  0.240337  0.262566      4/4

Best beta per pred_len (by MSE):
pred_len=96 → beta=0.6, mse=0.152268
pred_len=192 → beta=0.2, mse=0.202652
pred_len=336 → beta=0.7, mse=0.260222
pred_len=720 → beta=0.8, mse=0.340453

Overall best beta (by avg_mse):
beta=0.2, avg_mse=0.206013, avg_mae=0.241228, coverage=3/4

------------------------------------------------------------------------------------------------------------------------
PATCH = 48
------------------------------------------------------------------------------------------------------------------------

Wide table:
        mse_96   mse_192   mse_336  mse_720    mae_96   mae_192   mae_336  mae_720   avg_mse   avg_mae coverage
beta                                                                                                           
0.1   0.154633  0.203436  0.261367      NaN  0.199083  0.241375  0.286028      NaN  0.206478  0.242162      3/4
0.2   0.153752  0.202725  0.261596      NaN  0.197947  0.240236  0.285746      NaN  0.206024  0.241310      3/4
0.3   0.154556  0.203840  0.261287      NaN  0.198123  0.240780  0.284985      NaN  0.206561  0.241296      3/4
0.4   0.152932  0.203311  0.261359      NaN  0.195530  0.239670  0.283997      NaN  0.205867  0.239732      3/4
0.5   0.152728  0.203993  0.261111      NaN  0.194739  0.240003  0.283242      NaN  0.205944  0.239328      3/4
0.6   0.152880  0.204192  0.260372      NaN  0.194785  0.239763  0.282545      NaN  0.205815  0.239031      3/4
0.7   0.152427  0.203978  0.260745      NaN  0.192753  0.239241  0.282467      NaN  0.205717  0.238154      3/4
0.8   0.152766  0.203975  0.260831      NaN  0.192965  0.239025  0.282028      NaN  0.205857  0.238006      3/4
0.9   0.152262  0.204034  0.262026      NaN  0.191858  0.238539  0.282809      NaN  0.206107  0.237735      3/4
1.0   0.154374  0.204329  0.262553      NaN  0.194038  0.238497  0.282585      NaN  0.207085  0.238373      3/4

Best beta per pred_len (by MSE):
pred_len=96 → beta=0.9, mse=0.152262
pred_len=192 → beta=0.2, mse=0.202725
pred_len=336 → beta=0.6, mse=0.260372

Overall best beta (by avg_mse):
beta=0.7, avg_mse=0.205717, avg_mae=0.238154, coverage=3/4


