
========================================================================================================================
DATASET: ECL
========================================================================================================================

########################################################################################################################
INPUT_LEN: 96
########################################################################################################################

Global Best per pred_len (across patch & beta):
pred_len=96 → mse=0.146166, mae=0.235109, patch=6, beta=0.5
pred_len=192 → mse=0.161048, mae=0.248753, patch=6, beta=0.5
pred_len=336 → mse=0.174295, mae=0.264113, patch=6, beta=0.5
pred_len=720 → mse=0.204738, mae=0.291758, patch=6, beta=0.5

Average of best MSE across pred_len:
avg_best_mse = 0.171562
avg_best_mae = 0.259933

------------------------------------------------------------------------------------------------------------------------
PATCH = 6
------------------------------------------------------------------------------------------------------------------------

Wide table:
        avg_mse   avg_mae coverage
beta                              
0.000  0.175898  0.267255      4/4
0.001  0.176032  0.267338      4/4
0.002  0.175572  0.266875      4/4
0.005  0.176010  0.267296      4/4
0.010  0.175681  0.266938      4/4
0.020  0.175857  0.267121      4/4
0.050  0.175721  0.266649      4/4
0.100  0.175416  0.266004      4/4
0.200  0.174305  0.264109      4/4
0.500  0.171562  0.259933      4/4
1.000  0.178508  0.265077      4/4

Best beta per pred_len (by MSE):
pred_len=96 → beta=0.5, mse=0.146166
pred_len=192 → beta=0.5, mse=0.161048
pred_len=336 → beta=0.5, mse=0.174295
pred_len=720 → beta=0.5, mse=0.204738

Overall best beta (by avg_mse):
beta=0.5, avg_mse=0.171562, avg_mae=0.259933, coverage=4/4



========================================================================================================================
DATASET: ETTh2
========================================================================================================================

########################################################################################################################
INPUT_LEN: 96
########################################################################################################################

Global Best per pred_len (across patch & beta):
pred_len=96 → mse=0.295686, mae=0.341908, patch=6, beta=1.0
pred_len=192 → mse=0.374363, mae=0.390796, patch=6, beta=1.0
pred_len=336 → mse=0.415336, mae=0.427267, patch=24, beta=0.5
pred_len=720 → mse=0.420650, mae=0.437807, patch=24, beta=1.0

Average of best MSE across pred_len:
avg_best_mse = 0.376509
avg_best_mae = 0.399444

------------------------------------------------------------------------------------------------------------------------
PATCH = 6
------------------------------------------------------------------------------------------------------------------------

Wide table:
        avg_mse   avg_mae coverage
beta                              
0.000  0.383940  0.407055      4/4
0.001  0.383933  0.407049      4/4
0.002  0.383926  0.407043      4/4
0.005  0.383905  0.407024      4/4
0.010  0.383869  0.406992      4/4
0.020  0.383799  0.406929      4/4
0.050  0.383590  0.406740      4/4
0.100  0.383245  0.406426      4/4
0.200  0.382570  0.405798      4/4
0.500  0.379489  0.403392      4/4
1.000  0.377597  0.399347      4/4

Best beta per pred_len (by MSE):
pred_len=96 → beta=1.0, mse=0.295686
pred_len=192 → beta=1.0, mse=0.374363
pred_len=336 → beta=0.5, mse=0.415649
pred_len=720 → beta=1.0, mse=0.420732

Overall best beta (by avg_mse):
beta=1.0, avg_mse=0.377597, avg_mae=0.399347, coverage=4/4

------------------------------------------------------------------------------------------------------------------------
PATCH = 24
------------------------------------------------------------------------------------------------------------------------

Wide table:
        avg_mse   avg_mae coverage
beta                              
0.000  0.383940  0.407055      4/4
0.001  0.383933  0.407049      4/4
0.002  0.383926  0.407042      4/4
0.005  0.383905  0.407023      4/4
0.010  0.383870  0.406990      4/4
0.020  0.383799  0.406925      4/4
0.050  0.383587  0.406729      4/4
0.100  0.383234  0.406401      4/4
0.200  0.382536  0.405738      4/4
0.500  0.379388  0.403214      4/4
1.000  0.377504  0.399013      4/4

Best beta per pred_len (by MSE):
pred_len=96 → beta=1.0, mse=0.296457
pred_len=192 → beta=1.0, mse=0.374412
pred_len=336 → beta=0.5, mse=0.415336
pred_len=720 → beta=1.0, mse=0.420650

Overall best beta (by avg_mse):
beta=1.0, avg_mse=0.377504, avg_mae=0.399013, coverage=4/4



========================================================================================================================
DATASET: weather
========================================================================================================================

########################################################################################################################
INPUT_LEN: 96
########################################################################################################################

Global Best per pred_len (across patch & beta):
pred_len=96 → mse=0.167917, mae=0.206904, patch=6, beta=0.5
pred_len=192 → mse=0.221434, mae=0.254004, patch=24, beta=0.5
pred_len=336 → mse=0.279114, mae=0.295513, patch=24, beta=0.5
pred_len=720 → mse=0.357340, mae=0.347431, patch=24, beta=1.0

Average of best MSE across pred_len:
avg_best_mse = 0.256451
avg_best_mae = 0.275963

------------------------------------------------------------------------------------------------------------------------
PATCH = 6
------------------------------------------------------------------------------------------------------------------------

Wide table:
        avg_mse   avg_mae coverage
beta                              
0.000  0.259159  0.280116      4/4
0.001  0.259936  0.280730      4/4
0.002  0.259783  0.280574      4/4
0.005  0.259089  0.280198      4/4
0.010  0.261688  0.282120      4/4
0.020  0.261106  0.281371      4/4
0.050  0.261542  0.281968      4/4
0.100  0.258892  0.279782      4/4
0.200  0.259059  0.279107      4/4
0.500  0.256738  0.276327      4/4
1.000  0.257623  0.275523      4/4

Best beta per pred_len (by MSE):
pred_len=96 → beta=0.5, mse=0.167917
pred_len=192 → beta=0.5, mse=0.221547
pred_len=336 → beta=0.5, mse=0.279213
pred_len=720 → beta=1.0, mse=0.358021

Overall best beta (by avg_mse):
beta=0.5, avg_mse=0.256738, avg_mae=0.276327, coverage=4/4

------------------------------------------------------------------------------------------------------------------------
PATCH = 24
------------------------------------------------------------------------------------------------------------------------

Wide table:
        avg_mse   avg_mae coverage
beta                              
0.000  0.259179  0.280130      4/4
0.001  0.259920  0.280729      4/4
0.002  0.259810  0.280593      4/4
0.005  0.259704  0.280484      4/4
0.010  0.262214  0.282648      4/4
0.020  0.261040  0.281361      4/4
0.050  0.259905  0.280248      4/4
0.100  0.259032  0.279788      4/4
0.200  0.259168  0.279335      4/4
0.500  0.256777  0.276387      4/4
1.000  0.257251  0.275284      4/4

Best beta per pred_len (by MSE):
pred_len=96 → beta=0.5, mse=0.168119
pred_len=192 → beta=0.5, mse=0.221434
pred_len=336 → beta=0.5, mse=0.279114
pred_len=720 → beta=1.0, mse=0.357340

Overall best beta (by avg_mse):
beta=0.5, avg_mse=0.256777, avg_mae=0.276387, coverage=4/4


