
========================================================================================================================
DATASET: ETTh1
========================================================================================================================

########################################################################################################################
INPUT_LEN: 96
########################################################################################################################

Global Best per pred_len (across patch & beta):
pred_len=96 → mse=0.370383, mae=0.389992, patch=12, beta=0.5
pred_len=192 → mse=0.419396, mae=0.418779, patch=12, beta=0.5
pred_len=336 → mse=0.459614, mae=0.439901, patch=12, beta=0.5
pred_len=720 → mse=0.478725, mae=0.473510, patch=12, beta=0.5

Average of best MSE across pred_len:
avg_best_mse = 0.432030
avg_best_mae = 0.430546

------------------------------------------------------------------------------------------------------------------------
PATCH = 12
------------------------------------------------------------------------------------------------------------------------

Wide table:
      avg_mse   avg_mae coverage
beta                            
0.5   0.43203  0.430546      4/4

Best beta per pred_len (by MSE):
pred_len=96 → beta=0.5, mse=0.370383
pred_len=192 → beta=0.5, mse=0.419396
pred_len=336 → beta=0.5, mse=0.459614
pred_len=720 → beta=0.5, mse=0.478725

Overall best beta (by avg_mse):
beta=0.5, avg_mse=0.432030, avg_mae=0.430546, coverage=4/4



========================================================================================================================
DATASET: ETTm1
========================================================================================================================

########################################################################################################################
INPUT_LEN: 96
########################################################################################################################

Global Best per pred_len (across patch & beta):
pred_len=96 → mse=0.310197, mae=0.342075, patch=12, beta=0.9
pred_len=192 → mse=0.359629, mae=0.368692, patch=12, beta=0.9
pred_len=336 → mse=0.390945, mae=0.391597, patch=12, beta=0.9
pred_len=720 → mse=0.451092, mae=0.430011, patch=12, beta=0.5

Average of best MSE across pred_len:
avg_best_mse = 0.377966
avg_best_mae = 0.383094

------------------------------------------------------------------------------------------------------------------------
PATCH = 12
------------------------------------------------------------------------------------------------------------------------

Wide table:
       avg_mse   avg_mae coverage
beta                             
0.05  0.327608  0.361152      1/4
0.50  0.381221  0.387967      4/4
0.90  0.378310  0.382454      4/4

Best beta per pred_len (by MSE):
pred_len=96 → beta=0.9, mse=0.310197
pred_len=192 → beta=0.9, mse=0.359629
pred_len=336 → beta=0.9, mse=0.390945
pred_len=720 → beta=0.5, mse=0.451092

Overall best beta (by avg_mse):
beta=0.05, avg_mse=0.327608, avg_mae=0.361152, coverage=1/4



========================================================================================================================
DATASET: Electricity
========================================================================================================================

########################################################################################################################
INPUT_LEN: 96
########################################################################################################################

Global Best per pred_len (across patch & beta):
pred_len=96 → mse=0.165277, mae=0.245834, patch=3, beta=0.6
pred_len=192 → mse=0.173576, mae=0.254912, patch=3, beta=0.6
pred_len=336 → mse=0.187014, mae=0.269278, patch=3, beta=0.6
pred_len=720 → mse=0.230063, mae=0.307429, patch=3, beta=0.6

Average of best MSE across pred_len:
avg_best_mse = 0.188983
avg_best_mae = 0.269364

------------------------------------------------------------------------------------------------------------------------
PATCH = 3
------------------------------------------------------------------------------------------------------------------------

Wide table:
       avg_mse   avg_mae coverage
beta                             
0.6   0.188983  0.269364      4/4

Best beta per pred_len (by MSE):
pred_len=96 → beta=0.6, mse=0.165277
pred_len=192 → beta=0.6, mse=0.173576
pred_len=336 → beta=0.6, mse=0.187014
pred_len=720 → beta=0.6, mse=0.230063

Overall best beta (by avg_mse):
beta=0.6, avg_mse=0.188983, avg_mae=0.269364, coverage=4/4



========================================================================================================================
DATASET: weather
========================================================================================================================

########################################################################################################################
INPUT_LEN: 96
########################################################################################################################

Global Best per pred_len (across patch & beta):
pred_len=96 → mse=0.174107, mae=0.210885, patch=12, beta=0.6
pred_len=192 → mse=0.224099, mae=0.254082, patch=12, beta=0.6
pred_len=336 → mse=0.279178, mae=0.293627, patch=12, beta=0.6
pred_len=720 → mse=0.358306, mae=0.345418, patch=12, beta=0.6

Average of best MSE across pred_len:
avg_best_mse = 0.258923
avg_best_mae = 0.276003

------------------------------------------------------------------------------------------------------------------------
PATCH = 12
------------------------------------------------------------------------------------------------------------------------

Wide table:
       avg_mse   avg_mae coverage
beta                             
0.6   0.258923  0.276003      4/4

Best beta per pred_len (by MSE):
pred_len=96 → beta=0.6, mse=0.174107
pred_len=192 → beta=0.6, mse=0.224099
pred_len=336 → beta=0.6, mse=0.279178
pred_len=720 → beta=0.6, mse=0.358306

Overall best beta (by avg_mse):
beta=0.6, avg_mse=0.258923, avg_mae=0.276003, coverage=4/4


