
========================================================================================================================
DATASET: ECL
========================================================================================================================

########################################################################################################################
INPUT_LEN: 96
########################################################################################################################

Global Best per pred_len (across patch & beta):
pred_len=96 → mse=0.130666, mae=0.224724, patch=6, beta=0.5
pred_len=192 → mse=0.151996, mae=0.242903, patch=6, beta=0.5
pred_len=336 → mse=0.161832, mae=0.256902, patch=6, beta=0.5
pred_len=720 → mse=0.182490, mae=0.282394, patch=6, beta=0.001

Average of best MSE across pred_len:
avg_best_mse = 0.156746
avg_best_mae = 0.251731

------------------------------------------------------------------------------------------------------------------------
PATCH = 6
------------------------------------------------------------------------------------------------------------------------

Wide table:
        avg_mse   avg_mae coverage
beta                              
0.000  0.158843  0.255738      4/4
0.001  0.158568  0.256131      4/4
0.002  0.158778  0.255952      4/4
0.005  0.160374  0.256974      4/4
0.010  0.159043  0.255782      4/4
0.020  0.163313  0.258981      4/4
0.050  0.158652  0.255240      4/4
0.100  0.158693  0.255020      4/4
0.200  0.158553  0.253849      4/4
0.500  0.156769  0.250913      4/4
1.000  0.168162  0.260776      4/4

Best beta per pred_len (by MSE):
pred_len=96 → beta=0.5, mse=0.130666
pred_len=192 → beta=0.5, mse=0.151996
pred_len=336 → beta=0.5, mse=0.161832
pred_len=720 → beta=0.001, mse=0.182490

Overall best beta (by avg_mse):
beta=0.5, avg_mse=0.156769, avg_mae=0.250913, coverage=4/4



========================================================================================================================
DATASET: ETTh1
========================================================================================================================

########################################################################################################################
INPUT_LEN: 96
########################################################################################################################

Global Best per pred_len (across patch & beta):
pred_len=96 → mse=0.368683, mae=0.391119, patch=24, beta=0.3
pred_len=192 → mse=0.411923, mae=0.419752, patch=3, beta=0.05
pred_len=336 → mse=0.447236, mae=0.438540, patch=24, beta=0.01
pred_len=720 → mse=0.446641, mae=0.456837, patch=24, beta=0.0

Average of best MSE across pred_len:
avg_best_mse = 0.418621
avg_best_mae = 0.426562

------------------------------------------------------------------------------------------------------------------------
PATCH = 3
------------------------------------------------------------------------------------------------------------------------

Wide table:
        avg_mse   avg_mae coverage
beta                              
0.000  0.418749  0.427294      4/4
0.001  0.418750  0.427288      4/4
0.002  0.418750  0.427282      4/4
0.005  0.418755  0.427263      4/4
0.010  0.418766  0.427234      4/4
0.020  0.418770  0.427171      4/4
0.050  0.418817  0.426994      4/4
0.100  0.418930  0.426713      4/4
0.200  0.419326  0.426254      4/4
0.300  0.419967  0.425878      4/4
0.400  0.420834  0.425573      4/4
0.500  0.422029  0.425379      4/4
0.600  0.423619  0.425338      4/4
0.700  0.425968  0.425627      4/4
0.800  0.429954  0.426689      4/4
0.900  0.437667  0.429823      4/4
1.000  0.458028  0.439922      4/4

Best beta per pred_len (by MSE):
pred_len=96 → beta=0.2, mse=0.368701
pred_len=192 → beta=0.05, mse=0.411923
pred_len=336 → beta=0.0, mse=0.447238
pred_len=720 → beta=0.0, mse=0.446641

Overall best beta (by avg_mse):
beta=0.0, avg_mse=0.418749, avg_mae=0.427294, coverage=4/4

------------------------------------------------------------------------------------------------------------------------
PATCH = 6
------------------------------------------------------------------------------------------------------------------------

Wide table:
        avg_mse   avg_mae coverage
beta                              
0.000  0.418749  0.427294      4/4
0.001  0.418749  0.427288      4/4
0.002  0.418752  0.427282      4/4
0.005  0.418754  0.427265      4/4
0.010  0.418756  0.427236      4/4
0.020  0.418765  0.427176      4/4
0.050  0.418798  0.427011      4/4
0.100  0.418883  0.426739      4/4
0.200  0.419204  0.426277      4/4
0.300  0.419732  0.425877      4/4
0.400  0.420513  0.425571      4/4
0.500  0.421639  0.425389      4/4
0.600  0.423204  0.425380      4/4
0.700  0.425349  0.425633      4/4
0.800  0.428949  0.426582      4/4
0.900  0.436428  0.429645      4/4
1.000  0.456955  0.440174      4/4

Best beta per pred_len (by MSE):
pred_len=96 → beta=0.2, mse=0.368714
pred_len=192 → beta=0.1, mse=0.411923
pred_len=336 → beta=0.001, mse=0.447237
pred_len=720 → beta=0.0, mse=0.446641

Overall best beta (by avg_mse):
beta=0.001, avg_mse=0.418749, avg_mae=0.427288, coverage=4/4

------------------------------------------------------------------------------------------------------------------------
PATCH = 12
------------------------------------------------------------------------------------------------------------------------

Wide table:
        avg_mse   avg_mae coverage
beta                              
0.000  0.418749  0.427294      4/4
0.001  0.418749  0.427286      4/4
0.002  0.418751  0.427282      4/4
0.005  0.418751  0.427265      4/4
0.010  0.418758  0.427235      4/4
0.020  0.418761  0.427173      4/4
0.050  0.418783  0.426993      4/4
0.100  0.418858  0.426705      4/4
0.200  0.419134  0.426196      4/4
0.300  0.419634  0.425785      4/4
0.400  0.420383  0.425445      4/4
0.500  0.421446  0.425201      4/4
0.600  0.422955  0.425122      4/4
0.700  0.425100  0.425323      4/4
0.800  0.428665  0.426214      4/4
0.900  0.436178  0.429237      4/4
1.000  0.455926  0.439466      4/4

Best beta per pred_len (by MSE):
pred_len=96 → beta=0.2, mse=0.368729
pred_len=192 → beta=0.05, mse=0.411934
pred_len=336 → beta=0.002, mse=0.447237
pred_len=720 → beta=0.0, mse=0.446641

Overall best beta (by avg_mse):
beta=0.0, avg_mse=0.418749, avg_mae=0.427294, coverage=4/4

------------------------------------------------------------------------------------------------------------------------
PATCH = 24
------------------------------------------------------------------------------------------------------------------------

Wide table:
        avg_mse   avg_mae coverage
beta                              
0.000  0.418749  0.427294      4/4
0.001  0.418748  0.427288      4/4
0.002  0.418751  0.427282      4/4
0.005  0.418754  0.427265      4/4
0.010  0.418754  0.427234      4/4
0.020  0.418767  0.427177      4/4
0.050  0.418793  0.427000      4/4
0.100  0.418869  0.426717      4/4
0.200  0.419150  0.426202      4/4
0.300  0.419677  0.425798      4/4
0.400  0.420420  0.425442      4/4
0.500  0.421503  0.425199      4/4
0.600  0.423067  0.425137      4/4
0.700  0.425307  0.425361      4/4
0.800  0.428936  0.426264      4/4
0.900  0.436606  0.429385      4/4
1.000  0.456814  0.439925      4/4

Best beta per pred_len (by MSE):
pred_len=96 → beta=0.3, mse=0.368683
pred_len=192 → beta=0.05, mse=0.411937
pred_len=336 → beta=0.01, mse=0.447236
pred_len=720 → beta=0.0, mse=0.446641

Overall best beta (by avg_mse):
beta=0.001, avg_mse=0.418748, avg_mae=0.427288, coverage=4/4



========================================================================================================================
DATASET: ETTh2
========================================================================================================================

########################################################################################################################
INPUT_LEN: 96
########################################################################################################################

Global Best per pred_len (across patch & beta):
pred_len=96 → mse=0.282202, mae=0.333802, patch=12, beta=0.5
pred_len=192 → mse=0.355874, mae=0.382970, patch=3, beta=0.8
pred_len=336 → mse=0.400906, mae=0.419086, patch=6, beta=1.0
pred_len=720 → mse=0.396805, mae=0.426401, patch=6, beta=0.8

Average of best MSE across pred_len:
avg_best_mse = 0.358947
avg_best_mae = 0.390565

------------------------------------------------------------------------------------------------------------------------
PATCH = 3
------------------------------------------------------------------------------------------------------------------------

Wide table:
       avg_mse   avg_mae coverage
beta                             
0.1   0.365627  0.398072      4/4
0.2   0.364006  0.396698      4/4
0.3   0.362643  0.395525      4/4
0.4   0.361300  0.394224      4/4
0.5   0.360713  0.393327      4/4
0.6   0.360177  0.392391      4/4
0.7   0.359805  0.391534      4/4
0.8   0.359719  0.390720      4/4
0.9   0.360213  0.390102      4/4
1.0   0.362036  0.390086      4/4

Best beta per pred_len (by MSE):
pred_len=96 → beta=0.4, mse=0.282265
pred_len=192 → beta=0.8, mse=0.355874
pred_len=336 → beta=1.0, mse=0.401886
pred_len=720 → beta=0.8, mse=0.397070

Overall best beta (by avg_mse):
beta=0.8, avg_mse=0.359719, avg_mae=0.390720, coverage=4/4

------------------------------------------------------------------------------------------------------------------------
PATCH = 6
------------------------------------------------------------------------------------------------------------------------

Wide table:
        avg_mse   avg_mae coverage
beta                              
0.000  0.366883  0.399395      4/4
0.001  0.366863  0.399377      4/4
0.002  0.366843  0.399361      4/4
0.005  0.366777  0.399313      4/4
0.010  0.366725  0.399258      4/4
0.020  0.366573  0.399124      4/4
0.050  0.366173  0.398773      4/4
0.100  0.365549  0.398051      4/4
0.200  0.364112  0.396815      4/4
0.300  0.362761  0.395618      4/4
0.400  0.361395  0.394292      4/4
0.500  0.360773  0.393392      4/4
0.600  0.360217  0.392451      4/4
0.700  0.359761  0.391500      4/4
0.800  0.359640  0.390669      4/4
0.900  0.360257  0.390129      4/4
1.000  0.361566  0.389840      4/4

Best beta per pred_len (by MSE):
pred_len=96 → beta=0.4, mse=0.282265
pred_len=192 → beta=0.8, mse=0.356321
pred_len=336 → beta=1.0, mse=0.401432
pred_len=720 → beta=0.8, mse=0.396805

Overall best beta (by avg_mse):
beta=0.8, avg_mse=0.359640, avg_mae=0.390669, coverage=4/4

------------------------------------------------------------------------------------------------------------------------
PATCH = 12
------------------------------------------------------------------------------------------------------------------------

Wide table:
       avg_mse   avg_mae coverage
beta                             
0.1   0.365515  0.397993      4/4
0.2   0.364190  0.396901      4/4
0.3   0.362766  0.395637      4/4
0.4   0.361449  0.394382      4/4
0.5   0.361000  0.393568      4/4
0.6   0.360293  0.392547      4/4
0.7   0.359746  0.391512      4/4
0.8   0.359803  0.390788      4/4
0.9   0.360202  0.390097      4/4
1.0   0.361724  0.389755      4/4

Best beta per pred_len (by MSE):
pred_len=96 → beta=0.5, mse=0.282202
pred_len=192 → beta=0.8, mse=0.356324
pred_len=336 → beta=1.0, mse=0.401592
pred_len=720 → beta=0.9, mse=0.397378

Overall best beta (by avg_mse):
beta=0.7, avg_mse=0.359746, avg_mae=0.391512, coverage=4/4

------------------------------------------------------------------------------------------------------------------------
PATCH = 24
------------------------------------------------------------------------------------------------------------------------

Wide table:
       avg_mse   avg_mae coverage
beta                             
0.1   0.365510  0.397998      4/4
0.2   0.364134  0.396854      4/4
0.3   0.362819  0.395667      4/4
0.4   0.361552  0.394448      4/4
0.5   0.361094  0.393613      4/4
0.6   0.360422  0.392652      4/4
0.7   0.359863  0.391589      4/4
0.8   0.359740  0.390733      4/4
0.9   0.360105  0.390045      4/4
1.0   0.361614  0.389685      4/4

Best beta per pred_len (by MSE):
pred_len=96 → beta=0.5, mse=0.282205
pred_len=192 → beta=0.8, mse=0.356390
pred_len=336 → beta=1.0, mse=0.401053
pred_len=720 → beta=0.9, mse=0.397350

Overall best beta (by avg_mse):
beta=0.8, avg_mse=0.359740, avg_mae=0.390733, coverage=4/4



========================================================================================================================
DATASET: ETTm1
========================================================================================================================

########################################################################################################################
INPUT_LEN: 96
########################################################################################################################

Global Best per pred_len (across patch & beta):
pred_len=96 → mse=0.305092, mae=0.339362, patch=12, beta=0.9
pred_len=192 → mse=0.352810, mae=0.366943, patch=24, beta=0.8
pred_len=336 → mse=0.380601, mae=0.388399, patch=12, beta=0.9
pred_len=720 → mse=0.449538, mae=0.430308, patch=24, beta=0.5

Average of best MSE across pred_len:
avg_best_mse = 0.372010
avg_best_mae = 0.381253

------------------------------------------------------------------------------------------------------------------------
PATCH = 3
------------------------------------------------------------------------------------------------------------------------

Wide table:
        avg_mse   avg_mae coverage
beta                              
0.000  0.376486  0.393362      4/4
0.001  0.376467  0.393340      4/4
0.002  0.376460  0.393329      4/4
0.005  0.376440  0.393288      4/4
0.010  0.376396  0.393211      4/4
0.020  0.376337  0.393106      4/4
0.050  0.376079  0.392651      4/4
0.100  0.375686  0.391903      4/4
0.200  0.375023  0.390394      4/4
0.300  0.374462  0.388886      4/4
0.400  0.373918  0.387251      4/4
0.500  0.373713  0.385854      4/4
0.600  0.373578  0.384441      4/4
0.700  0.373534  0.383036      4/4
0.800  0.373650  0.381612      4/4
0.900  0.374403  0.380424      4/4
1.000  0.380125  0.383276      4/4

Best beta per pred_len (by MSE):
pred_len=96 → beta=0.9, mse=0.305929
pred_len=192 → beta=0.5, mse=0.353442
pred_len=336 → beta=0.8, mse=0.381214
pred_len=720 → beta=0.4, mse=0.449560

Overall best beta (by avg_mse):
beta=0.7, avg_mse=0.373534, avg_mae=0.383036, coverage=4/4

------------------------------------------------------------------------------------------------------------------------
PATCH = 6
------------------------------------------------------------------------------------------------------------------------

Wide table:
        avg_mse   avg_mae coverage
beta                              
0.000  0.376486  0.393362      4/4
0.001  0.376472  0.393342      4/4
0.002  0.376468  0.393334      4/4
0.005  0.376435  0.393285      4/4
0.010  0.376390  0.393208      4/4
0.020  0.376324  0.393109      4/4
0.050  0.376102  0.392683      4/4
0.100  0.375694  0.391951      4/4
0.200  0.374982  0.390433      4/4
0.300  0.374370  0.388933      4/4
0.400  0.374024  0.387556      4/4
0.500  0.373681  0.386077      4/4
0.600  0.373427  0.384552      4/4
0.700  0.373237  0.383111      4/4
0.800  0.373269  0.381642      4/4
0.900  0.373923  0.380441      4/4
1.000  0.379577  0.383509      4/4

Best beta per pred_len (by MSE):
pred_len=96 → beta=0.9, mse=0.305483
pred_len=192 → beta=0.8, mse=0.353486
pred_len=336 → beta=0.8, mse=0.380726
pred_len=720 → beta=0.4, mse=0.449733

Overall best beta (by avg_mse):
beta=0.7, avg_mse=0.373237, avg_mae=0.383111, coverage=4/4

------------------------------------------------------------------------------------------------------------------------
PATCH = 12
------------------------------------------------------------------------------------------------------------------------

Wide table:
        avg_mse   avg_mae coverage
beta                              
0.000  0.376486  0.393362      4/4
0.001  0.376476  0.393346      4/4
0.002  0.376468  0.393332      4/4
0.005  0.376442  0.393290      4/4
0.010  0.376403  0.393222      4/4
0.020  0.376331  0.393112      4/4
0.050  0.376102  0.392683      4/4
0.100  0.375688  0.391931      4/4
0.200  0.374966  0.390445      4/4
0.300  0.374390  0.388943      4/4
0.400  0.373961  0.387555      4/4
0.500  0.373569  0.386057      4/4
0.600  0.373267  0.384530      4/4
0.700  0.373013  0.383021      4/4
0.800  0.372901  0.381504      4/4
0.900  0.373433  0.380236      4/4
1.000  0.379123  0.383332      4/4

Best beta per pred_len (by MSE):
pred_len=96 → beta=0.9, mse=0.305092
pred_len=192 → beta=0.8, mse=0.352823
pred_len=336 → beta=0.9, mse=0.380601
pred_len=720 → beta=0.4, mse=0.449660

Overall best beta (by avg_mse):
beta=0.8, avg_mse=0.372901, avg_mae=0.381504, coverage=4/4

------------------------------------------------------------------------------------------------------------------------
PATCH = 24
------------------------------------------------------------------------------------------------------------------------

Wide table:
        avg_mse   avg_mae coverage
beta                              
0.000  0.376486  0.393362      4/4
0.001  0.376469  0.393342      4/4
0.002  0.376463  0.393330      4/4
0.005  0.376426  0.393281      4/4
0.010  0.376403  0.393218      4/4
0.020  0.376328  0.393109      4/4
0.050  0.376095  0.392680      4/4
0.100  0.375682  0.391938      4/4
0.200  0.374967  0.390450      4/4
0.300  0.374349  0.388962      4/4
0.400  0.395336  0.400705      3/4
0.500  0.373475  0.386032      4/4
0.600  0.373183  0.384522      4/4
0.700  0.372865  0.382996      4/4
0.800  0.372791  0.381466      4/4
0.900  0.373314  0.380166      4/4
1.000  0.378940  0.383264      4/4

Best beta per pred_len (by MSE):
pred_len=96 → beta=0.9, mse=0.305118
pred_len=192 → beta=0.8, mse=0.352810
pred_len=336 → beta=0.9, mse=0.380643
pred_len=720 → beta=0.5, mse=0.449538

Overall best beta (by avg_mse):
beta=0.8, avg_mse=0.372791, avg_mae=0.381466, coverage=4/4



========================================================================================================================
DATASET: ETTm2
========================================================================================================================

########################################################################################################################
INPUT_LEN: 96
########################################################################################################################

Global Best per pred_len (across patch & beta):
pred_len=96 → mse=0.167234, mae=0.251303, patch=3, beta=0.5
pred_len=192 → mse=0.231842, mae=0.293711, patch=6, beta=0.6
pred_len=336 → mse=0.289709, mae=0.331601, patch=24, beta=0.6
pred_len=720 → mse=0.389448, mae=0.391403, patch=24, beta=0.3

Average of best MSE across pred_len:
avg_best_mse = 0.269558
avg_best_mae = 0.317004

------------------------------------------------------------------------------------------------------------------------
PATCH = 3
------------------------------------------------------------------------------------------------------------------------

Wide table:
        avg_mse   avg_mae coverage
beta                              
0.000  0.271331  0.320534      4/4
0.001  0.271324  0.320523      4/4
0.002  0.271317  0.320513      4/4
0.005  0.271297  0.320482      4/4
0.010  0.271262  0.320431      4/4
0.020  0.271194  0.320331      4/4
0.050  0.271005  0.320040      4/4
0.100  0.270733  0.319603      4/4
0.200  0.270292  0.318810      4/4
0.300  0.270015  0.318129      4/4
0.400  0.269856  0.317525      4/4
0.500  0.269851  0.317044      4/4
0.600  0.269968  0.316671      4/4
0.700  0.270268  0.316416      4/4
0.800  0.270784  0.316258      4/4
0.900  0.271643  0.316296      4/4
1.000  0.273230  0.316826      4/4

Best beta per pred_len (by MSE):
pred_len=96 → beta=0.5, mse=0.167234
pred_len=192 → beta=0.6, mse=0.231905
pred_len=336 → beta=0.6, mse=0.289755
pred_len=720 → beta=0.2, mse=0.389568

Overall best beta (by avg_mse):
beta=0.5, avg_mse=0.269851, avg_mae=0.317044, coverage=4/4

------------------------------------------------------------------------------------------------------------------------
PATCH = 6
------------------------------------------------------------------------------------------------------------------------

Wide table:
        avg_mse   avg_mae coverage
beta                              
0.000  0.271331  0.320534      4/4
0.001  0.271324  0.320523      4/4
0.002  0.271317  0.320513      4/4
0.005  0.271296  0.320483      4/4
0.010  0.271262  0.320433      4/4
0.020  0.271194  0.320333      4/4
0.050  0.271003  0.320045      4/4
0.100  0.270730  0.319611      4/4
0.200  0.270280  0.318824      4/4
0.300  0.269981  0.318143      4/4
0.400  0.269818  0.317545      4/4
0.500  0.269753  0.317037      4/4
0.600  0.269860  0.316669      4/4
0.700  0.270107  0.316390      4/4
0.800  0.270551  0.316202      4/4
0.900  0.271324  0.316174      4/4
1.000  0.272763  0.316555      4/4

Best beta per pred_len (by MSE):
pred_len=96 → beta=0.5, mse=0.167278
pred_len=192 → beta=0.6, mse=0.231842
pred_len=336 → beta=0.5, mse=0.289739
pred_len=720 → beta=0.2, mse=0.389478

Overall best beta (by avg_mse):
beta=0.5, avg_mse=0.269753, avg_mae=0.317037, coverage=4/4

------------------------------------------------------------------------------------------------------------------------
PATCH = 12
------------------------------------------------------------------------------------------------------------------------

Wide table:
        avg_mse   avg_mae coverage
beta                              
0.000  0.271331  0.320534      4/4
0.001  0.271324  0.320523      4/4
0.002  0.271317  0.320514      4/4
0.005  0.271298  0.320484      4/4
0.010  0.271263  0.320434      4/4
0.020  0.271196  0.320335      4/4
0.050  0.271005  0.320049      4/4
0.100  0.270732  0.319616      4/4
0.200  0.270286  0.318836      4/4
0.300  0.269977  0.318152      4/4
0.400  0.269809  0.317556      4/4
0.500  0.269729  0.317044      4/4
0.600  0.269820  0.316661      4/4
0.700  0.270032  0.316366      4/4
0.800  0.270468  0.316182      4/4
0.900  0.271307  0.316197      4/4
1.000  0.272719  0.316611      4/4

Best beta per pred_len (by MSE):
pred_len=96 → beta=0.5, mse=0.167247
pred_len=192 → beta=0.6, mse=0.231876
pred_len=336 → beta=0.6, mse=0.289712
pred_len=720 → beta=0.2, mse=0.389464

Overall best beta (by avg_mse):
beta=0.5, avg_mse=0.269729, avg_mae=0.317044, coverage=4/4

------------------------------------------------------------------------------------------------------------------------
PATCH = 24
------------------------------------------------------------------------------------------------------------------------

Wide table:
        avg_mse   avg_mae coverage
beta                              
0.000  0.271331  0.320534      4/4
0.001  0.271324  0.320524      4/4
0.002  0.271317  0.320514      4/4
0.005  0.271298  0.320484      4/4
0.010  0.271264  0.320434      4/4
0.020  0.271197  0.320336      4/4
0.050  0.271008  0.320052      4/4
0.100  0.270738  0.319623      4/4
0.200  0.270289  0.318844      4/4
0.300  0.269977  0.318161      4/4
0.400  0.269806  0.317570      4/4
0.500  0.269730  0.317064      4/4
0.600  0.269797  0.316650      4/4
0.700  0.270016  0.316366      4/4
0.800  0.270440  0.316187      4/4
0.900  0.271263  0.316202      4/4
1.000  0.272641  0.316537      4/4

Best beta per pred_len (by MSE):
pred_len=96 → beta=0.5, mse=0.167237
pred_len=192 → beta=0.6, mse=0.231870
pred_len=336 → beta=0.6, mse=0.289709
pred_len=720 → beta=0.3, mse=0.389448

Overall best beta (by avg_mse):
beta=0.5, avg_mse=0.269730, avg_mae=0.317064, coverage=4/4



========================================================================================================================
DATASET: PEMS03
========================================================================================================================

########################################################################################################################
INPUT_LEN: 96
########################################################################################################################

Global Best per pred_len (across patch & beta):
pred_len=12 → mse=0.061993, mae=0.163091, patch=3, beta=0.6
pred_len=24 → mse=0.078240, mae=0.184016, patch=3, beta=0.6
pred_len=48 → mse=0.106762, mae=0.218752, patch=3, beta=0.6

Average of best MSE across pred_len:
avg_best_mse = 0.082331
avg_best_mae = 0.188620

------------------------------------------------------------------------------------------------------------------------
PATCH = 3
------------------------------------------------------------------------------------------------------------------------

Wide table:
       avg_mse  avg_mae coverage
beta                            
0.6   0.082331  0.18862      3/3

Best beta per pred_len (by MSE):
pred_len=12 → beta=0.6, mse=0.061993
pred_len=24 → beta=0.6, mse=0.078240
pred_len=48 → beta=0.6, mse=0.106762

Overall best beta (by avg_mse):
beta=0.6, avg_mse=0.082331, avg_mae=0.188620, coverage=3/3



========================================================================================================================
DATASET: PEMS04
========================================================================================================================

########################################################################################################################
INPUT_LEN: 96
########################################################################################################################

Global Best per pred_len (across patch & beta):
pred_len=12 → mse=0.066709, mae=0.165075, patch=3, beta=0.7
pred_len=24 → mse=0.078496, mae=0.180635, patch=3, beta=0.7
pred_len=48 → mse=0.098305, mae=0.207039, patch=3, beta=0.7

Average of best MSE across pred_len:
avg_best_mse = 0.081170
avg_best_mae = 0.184250

------------------------------------------------------------------------------------------------------------------------
PATCH = 3
------------------------------------------------------------------------------------------------------------------------

Wide table:
      avg_mse  avg_mae coverage
beta                           
0.7   0.08117  0.18425      3/3

Best beta per pred_len (by MSE):
pred_len=12 → beta=0.7, mse=0.066709
pred_len=24 → beta=0.7, mse=0.078496
pred_len=48 → beta=0.7, mse=0.098305

Overall best beta (by avg_mse):
beta=0.7, avg_mse=0.081170, avg_mae=0.184250, coverage=3/3



========================================================================================================================
DATASET: PEMS07
========================================================================================================================

########################################################################################################################
INPUT_LEN: 96
########################################################################################################################

Global Best per pred_len (across patch & beta):
pred_len=12 → mse=0.053707, mae=0.146535, patch=6, beta=0.6
pred_len=24 → mse=0.065986, mae=0.162903, patch=6, beta=0.6
pred_len=48 → mse=0.085772, mae=0.187209, patch=6, beta=0.6

Average of best MSE across pred_len:
avg_best_mse = 0.068488
avg_best_mae = 0.165549

------------------------------------------------------------------------------------------------------------------------
PATCH = 6
------------------------------------------------------------------------------------------------------------------------

Wide table:
       avg_mse   avg_mae coverage
beta                             
0.6   0.068488  0.165549      3/3

Best beta per pred_len (by MSE):
pred_len=12 → beta=0.6, mse=0.053707
pred_len=24 → beta=0.6, mse=0.065986
pred_len=48 → beta=0.6, mse=0.085772

Overall best beta (by avg_mse):
beta=0.6, avg_mse=0.068488, avg_mae=0.165549, coverage=3/3



========================================================================================================================
DATASET: PEMS08
========================================================================================================================

########################################################################################################################
INPUT_LEN: 96
########################################################################################################################

Global Best per pred_len (across patch & beta):
pred_len=12 → mse=0.061923, mae=0.159302, patch=3, beta=0.5
pred_len=24 → mse=0.076152, mae=0.177948, patch=6, beta=0.7
pred_len=48 → mse=0.101370, mae=0.209659, patch=12, beta=0.5

Average of best MSE across pred_len:
avg_best_mse = 0.079815
avg_best_mae = 0.182303

------------------------------------------------------------------------------------------------------------------------
PATCH = 3
------------------------------------------------------------------------------------------------------------------------

Wide table:
       avg_mse   avg_mae coverage
beta                             
0.5   0.061923  0.159302      1/3

Best beta per pred_len (by MSE):
pred_len=12 → beta=0.5, mse=0.061923

Overall best beta (by avg_mse):
beta=0.5, avg_mse=0.061923, avg_mae=0.159302, coverage=1/3

------------------------------------------------------------------------------------------------------------------------
PATCH = 6
------------------------------------------------------------------------------------------------------------------------

Wide table:
       avg_mse   avg_mae coverage
beta                             
0.7   0.076152  0.177948      1/3

Best beta per pred_len (by MSE):
pred_len=24 → beta=0.7, mse=0.076152

Overall best beta (by avg_mse):
beta=0.7, avg_mse=0.076152, avg_mae=0.177948, coverage=1/3

------------------------------------------------------------------------------------------------------------------------
PATCH = 12
------------------------------------------------------------------------------------------------------------------------

Wide table:
      avg_mse   avg_mae coverage
beta                            
0.5   0.10137  0.209659      1/3

Best beta per pred_len (by MSE):
pred_len=48 → beta=0.5, mse=0.101370

Overall best beta (by avg_mse):
beta=0.5, avg_mse=0.101370, avg_mae=0.209659, coverage=1/3



========================================================================================================================
DATASET: solar
========================================================================================================================

########################################################################################################################
INPUT_LEN: 96
########################################################################################################################

Global Best per pred_len (across patch & beta):
pred_len=96 → mse=0.183310, mae=0.228687, patch=6, beta=0.9
pred_len=192 → mse=0.215229, mae=0.249822, patch=12, beta=0.9
pred_len=336 → mse=0.232430, mae=0.267052, patch=3, beta=0.8
pred_len=720 → mse=0.241275, mae=0.270075, patch=6, beta=0.6

Average of best MSE across pred_len:
avg_best_mse = 0.218061
avg_best_mae = 0.253909

------------------------------------------------------------------------------------------------------------------------
PATCH = 3
------------------------------------------------------------------------------------------------------------------------

Wide table:
       avg_mse   avg_mae coverage
beta                             
0.1   0.226502  0.259033      4/4
0.2   0.225132  0.256895      4/4
0.3   0.223803  0.255690      4/4
0.4   0.222468  0.255149      4/4
0.5   0.221291  0.255141      4/4
0.6   0.220104  0.255255      4/4
0.7   0.219510  0.255549      4/4
0.8   0.219617  0.256350      4/4
0.9   0.221924  0.258859      4/4
1.0   0.278806  0.315983      4/4

Best beta per pred_len (by MSE):
pred_len=96 → beta=0.8, mse=0.184250
pred_len=192 → beta=0.7, mse=0.217316
pred_len=336 → beta=0.8, mse=0.232430
pred_len=720 → beta=0.6, mse=0.242419

Overall best beta (by avg_mse):
beta=0.7, avg_mse=0.219510, avg_mae=0.255549, coverage=4/4

------------------------------------------------------------------------------------------------------------------------
PATCH = 6
------------------------------------------------------------------------------------------------------------------------

Wide table:
       avg_mse   avg_mae coverage
beta                             
0.1   0.222437  0.255402      3/4
0.2   0.220730  0.252496      3/4
0.3   0.219371  0.250662      3/4
0.4   0.217855  0.249460      3/4
0.5   0.216456  0.248966      3/4
0.6   0.215187  0.248807      3/4
0.7   0.214323  0.248847      3/4
0.8   0.213967  0.249140      3/4
0.9   0.214589  0.250124      3/4
1.0   0.233789  0.281311      3/4

Best beta per pred_len (by MSE):
pred_len=96 → beta=0.9, mse=0.183310
pred_len=192 → beta=0.9, mse=0.215386
pred_len=720 → beta=0.6, mse=0.241275

Overall best beta (by avg_mse):
beta=0.8, avg_mse=0.213967, avg_mae=0.249140, coverage=3/4

------------------------------------------------------------------------------------------------------------------------
PATCH = 12
------------------------------------------------------------------------------------------------------------------------

Wide table:
       avg_mse   avg_mae coverage
beta                             
0.1   0.222566  0.255251      3/4
0.2   0.220782  0.252186      3/4
0.3   0.219233  0.250210      3/4
0.4   0.217776  0.248971      3/4
0.5   0.216492  0.248487      3/4
0.6   0.215352  0.248411      3/4
0.7   0.214384  0.248398      3/4
0.8   0.214083  0.248846      3/4
0.9   0.214315  0.249650      3/4
1.0   0.232506  0.279286      3/4

Best beta per pred_len (by MSE):
pred_len=96 → beta=0.9, mse=0.183371
pred_len=192 → beta=0.9, mse=0.215229
pred_len=720 → beta=0.7, mse=0.241722

Overall best beta (by avg_mse):
beta=0.8, avg_mse=0.214083, avg_mae=0.248846, coverage=3/4



========================================================================================================================
DATASET: traffic
========================================================================================================================

########################################################################################################################
INPUT_LEN: 96
########################################################################################################################

Global Best per pred_len (across patch & beta):
pred_len=96 → mse=0.372287, mae=0.238014, patch=3, beta=0.5
pred_len=192 → mse=0.394969, mae=0.247853, patch=3, beta=0.6
pred_len=336 → mse=0.413348, mae=0.255856, patch=3, beta=0.6
pred_len=720 → mse=0.446286, mae=0.274595, patch=3, beta=0.6

Average of best MSE across pred_len:
avg_best_mse = 0.406723
avg_best_mae = 0.254079

------------------------------------------------------------------------------------------------------------------------
PATCH = 3
------------------------------------------------------------------------------------------------------------------------

Wide table:
       avg_mse   avg_mae coverage
beta                             
0.5   0.372287  0.238014      1/4
0.6   0.418201  0.259435      3/4

Best beta per pred_len (by MSE):
pred_len=96 → beta=0.5, mse=0.372287
pred_len=192 → beta=0.6, mse=0.394969
pred_len=336 → beta=0.6, mse=0.413348
pred_len=720 → beta=0.6, mse=0.446286

Overall best beta (by avg_mse):
beta=0.5, avg_mse=0.372287, avg_mae=0.238014, coverage=1/4



========================================================================================================================
DATASET: weather
========================================================================================================================

########################################################################################################################
INPUT_LEN: 96
########################################################################################################################

Global Best per pred_len (across patch & beta):
pred_len=96 → mse=0.148578, mae=0.187617, patch=6, beta=1.0
pred_len=192 → mse=0.197958, mae=0.236301, patch=6, beta=1.0
pred_len=336 → mse=0.256792, mae=0.282956, patch=6, beta=0.5
pred_len=720 → mse=0.340019, mae=0.334345, patch=6, beta=1.0

Average of best MSE across pred_len:
avg_best_mse = 0.235837
avg_best_mae = 0.260305

------------------------------------------------------------------------------------------------------------------------
PATCH = 6
------------------------------------------------------------------------------------------------------------------------

Wide table:
        avg_mse   avg_mae coverage
beta                              
0.000  0.240520  0.270247      4/4
0.001  0.240496  0.270158      4/4
0.002  0.240614  0.270323      4/4
0.005  0.240519  0.270248      4/4
0.010  0.240389  0.270151      4/4
0.020  0.240475  0.270081      4/4
0.050  0.239924  0.269255      4/4
0.100  0.239914  0.268827      4/4
0.200  0.238600  0.267230      4/4
0.500  0.237194  0.263581      4/4
1.000  0.236181  0.259608      4/4

Best beta per pred_len (by MSE):
pred_len=96 → beta=1.0, mse=0.148578
pred_len=192 → beta=1.0, mse=0.197958
pred_len=336 → beta=0.5, mse=0.256792
pred_len=720 → beta=1.0, mse=0.340019

Overall best beta (by avg_mse):
beta=1.0, avg_mse=0.236181, avg_mae=0.259608, coverage=4/4


