
================================================================================
DATASET: ECL
================================================================================

---- Input Length: 96 ----
 pred_len      model      mse      mae
       96 TimeFilter 0.133263 0.230312
      192 TimeFilter 0.154133 0.247178
      336 TimeFilter 0.164196 0.261672
      720 TimeFilter 0.184224 0.282477

AVG over pred_len:
MSE: 0.158954, MAE: 0.255410
------------------------------------------------------------

---- Input Length: 512 ----
 pred_len      model      mse      mae
       96 TimeFilter 0.125695 0.220813
      192 TimeFilter 0.144057 0.238483
      336 TimeFilter 0.152810 0.251345
      720 TimeFilter 0.177582 0.274723

AVG over pred_len:
MSE: 0.150036, MAE: 0.246341
------------------------------------------------------------

================================================================================
DATASET: ETTh1
================================================================================

---- Input Length: 96 ----
 pred_len      model      mse      mae
       96 TimeFilter 0.368945 0.393518
      192 TimeFilter 0.412167 0.420131
      336 TimeFilter 0.447799 0.438780
      720 TimeFilter 0.446218 0.456243

AVG over pred_len:
MSE: 0.418782, MAE: 0.427168
------------------------------------------------------------

================================================================================
DATASET: ETTh2
================================================================================

---- Input Length: 96 ----
 pred_len      model      mse      mae
       96 TimeFilter 0.283206 0.337553
      192 TimeFilter 0.361688 0.391616
      336 TimeFilter 0.409439 0.430832
      720 TimeFilter 0.407526 0.433728

AVG over pred_len:
MSE: 0.365465, MAE: 0.398432
------------------------------------------------------------

================================================================================
DATASET: ETTm1
================================================================================

---- Input Length: 96 ----
 pred_len      model      mse      mae
       96 TimeFilter 0.312143 0.353847
      192 TimeFilter 0.355387 0.379735
      336 TimeFilter 0.385802 0.402533
      720 TimeFilter 0.452303 0.437235

AVG over pred_len:
MSE: 0.376409, MAE: 0.393337
------------------------------------------------------------

================================================================================
DATASET: ETTm2
================================================================================

---- Input Length: 96 ----
 pred_len      model      mse      mae
       96 TimeFilter 0.168588 0.254954
      192 TimeFilter 0.234703 0.298411
      336 TimeFilter 0.292745 0.336066
      720 TimeFilter 0.389961 0.393275

AVG over pred_len:
MSE: 0.271499, MAE: 0.320677
------------------------------------------------------------

================================================================================
DATASET: PEMS03
================================================================================

---- Input Length: 96 ----
 pred_len      model      mse      mae
       12 TimeFilter 0.063441 0.164601
       24 TimeFilter 0.079090 0.185691
       48 TimeFilter 0.109404 0.221330

AVG over pred_len:
MSE: 0.083978, MAE: 0.190540
------------------------------------------------------------

================================================================================
DATASET: PEMS04
================================================================================

---- Input Length: 96 ----
 pred_len      model      mse      mae
       12 TimeFilter 0.067640 0.166749
       24 TimeFilter 0.080046 0.183180
       48 TimeFilter 0.100664 0.208834

AVG over pred_len:
MSE: 0.082783, MAE: 0.186254
------------------------------------------------------------

================================================================================
DATASET: PEMS07
================================================================================

---- Input Length: 96 ----
 pred_len      model      mse      mae
       12 TimeFilter 0.055046 0.149579
       24 TimeFilter 0.067592 0.166376
       48 TimeFilter 0.089274 0.192606

AVG over pred_len:
MSE: 0.070638, MAE: 0.169520
------------------------------------------------------------

================================================================================
DATASET: PEMS08
================================================================================

---- Input Length: 96 ----
 pred_len      model      mse      mae
       12 TimeFilter 0.063119 0.162233
       24 TimeFilter 0.079311 0.181609
       48 TimeFilter 0.101822 0.210378

AVG over pred_len:
MSE: 0.081417, MAE: 0.184740
------------------------------------------------------------

================================================================================
DATASET: solar
================================================================================

---- Input Length: 96 ----
 pred_len      model      mse      mae
       96 TimeFilter 0.198610 0.239131
      192 TimeFilter 0.227037 0.260659
      336 TimeFilter 0.240230 0.272340
      720 TimeFilter 0.246528 0.277341

AVG over pred_len:
MSE: 0.228101, MAE: 0.262368
------------------------------------------------------------

================================================================================
DATASET: traffic
================================================================================

---- Input Length: 96 ----
 pred_len      model      mse      mae
       96 TimeFilter 0.375282 0.250951
      192 TimeFilter 0.396124 0.262327
      336 TimeFilter 0.415566 0.271376
      720 TimeFilter 0.446176 0.290359

AVG over pred_len:
MSE: 0.408287, MAE: 0.268753
------------------------------------------------------------

---- Input Length: 720 ----
 pred_len      model      mse      mae
       96 TimeFilter 0.332733 0.238730
      192 TimeFilter 0.349665 0.249119
      336 TimeFilter 0.367662 0.259932
      720 TimeFilter 0.397720 0.274981

AVG over pred_len:
MSE: 0.361945, MAE: 0.255691
------------------------------------------------------------

================================================================================
DATASET: weather
================================================================================

---- Input Length: 96 ----
 pred_len      model      mse      mae
       96 TimeFilter 0.152981 0.199169
      192 TimeFilter 0.202101 0.246431
      336 TimeFilter 0.259466 0.289009
      720 TimeFilter 0.345275 0.344219

AVG over pred_len:
MSE: 0.239956, MAE: 0.269707
------------------------------------------------------------

---- Input Length: 720 ----
 pred_len      model      mse      mae
       96 TimeFilter 0.142527 0.194294
      192 TimeFilter 0.186335 0.237178
      336 TimeFilter 0.235035 0.275248
      720 TimeFilter 0.306870 0.328262

AVG over pred_len:
MSE: 0.217692, MAE: 0.258745
------------------------------------------------------------
