
========================================================================================================================
DATASET: ETTh2
========================================================================================================================

########################################################################################################################
INPUT_LEN: 720
########################################################################################################################

Global Best per pred_len (across patch & beta):
pred_len=96 → mse=0.273767, mae=0.336727, patch=6, beta=1.0
pred_len=192 → mse=0.337903, mae=0.377585, patch=6, beta=1.0
pred_len=336 → mse=0.356216, mae=0.395485, patch=6, beta=1.0
pred_len=720 → mse=0.400007, mae=0.433124, patch=6, beta=1.0

Average of best MSE across pred_len:
avg_best_mse = 0.341973
avg_best_mae = 0.385730

------------------------------------------------------------------------------------------------------------------------
PATCH = 6
------------------------------------------------------------------------------------------------------------------------

Wide table:
        avg_mse   avg_mae coverage
beta                              
0.000  0.366318  0.408493      4/4
0.001  0.366287  0.408469      4/4
0.002  0.366256  0.408443      4/4
0.005  0.366165  0.408370      4/4
0.010  0.366012  0.408245      4/4
0.020  0.365704  0.407995      4/4
0.050  0.364773  0.407235      4/4
0.100  0.363185  0.405930      4/4
0.200  0.359943  0.403230      4/4
0.500  0.351031  0.395643      4/4
1.000  0.341973  0.385730      4/4

Best beta per pred_len (by MSE):
pred_len=96 → beta=1.0, mse=0.273767
pred_len=192 → beta=1.0, mse=0.337903
pred_len=336 → beta=1.0, mse=0.356216
pred_len=720 → beta=1.0, mse=0.400007

Overall best beta (by avg_mse):
beta=1.0, avg_mse=0.341973, avg_mae=0.385730, coverage=4/4



========================================================================================================================
DATASET: electricity
========================================================================================================================

########################################################################################################################
INPUT_LEN: 720
########################################################################################################################

Global Best per pred_len (across patch & beta):
pred_len=96 → mse=0.120712, mae=0.219981, patch=6, beta=0.01
pred_len=192 → mse=0.146208, mae=0.243645, patch=6, beta=0.5
pred_len=336 → mse=0.161638, mae=0.255085, patch=6, beta=1.0
pred_len=720 → mse=0.181327, mae=0.278540, patch=6, beta=0.5

Average of best MSE across pred_len:
avg_best_mse = 0.152471
avg_best_mae = 0.249313

------------------------------------------------------------------------------------------------------------------------
PATCH = 6
------------------------------------------------------------------------------------------------------------------------

Wide table:
        avg_mse   avg_mae coverage
beta                              
0.000  0.158672  0.257870      4/4
0.001  0.160668  0.259313      4/4
0.002  0.155709  0.255344      4/4
0.005  0.159420  0.258028      4/4
0.010  0.157136  0.256521      4/4
0.020  0.157463  0.256700      4/4
0.050  0.156782  0.255486      4/4
0.100  0.155812  0.254497      4/4
0.200  0.157532  0.254837      4/4
0.500  0.153303  0.249794      4/4
1.000  0.154807  0.247651      4/4

Best beta per pred_len (by MSE):
pred_len=96 → beta=0.01, mse=0.120712
pred_len=192 → beta=0.5, mse=0.146208
pred_len=336 → beta=1.0, mse=0.161638
pred_len=720 → beta=0.5, mse=0.181327

Overall best beta (by avg_mse):
beta=0.5, avg_mse=0.153303, avg_mae=0.249794, coverage=4/4



========================================================================================================================
DATASET: weather
========================================================================================================================

########################################################################################################################
INPUT_LEN: 720
########################################################################################################################

Global Best per pred_len (across patch & beta):
pred_len=96 → mse=0.142973, mae=0.188413, patch=6, beta=0.5
pred_len=192 → mse=0.186189, mae=0.233789, patch=6, beta=0.2
pred_len=336 → mse=0.239178, mae=0.274089, patch=6, beta=0.5
pred_len=720 → mse=0.310421, mae=0.326560, patch=6, beta=0.5

Average of best MSE across pred_len:
avg_best_mse = 0.219690
avg_best_mae = 0.255713

------------------------------------------------------------------------------------------------------------------------
PATCH = 6
------------------------------------------------------------------------------------------------------------------------

Wide table:
        avg_mse   avg_mae coverage
beta                              
0.000  0.220731  0.261379      4/4
0.001  0.220727  0.261362      4/4
0.002  0.220724  0.261345      4/4
0.005  0.220712  0.261294      4/4
0.010  0.220692  0.261210      4/4
0.020  0.220654  0.261041      4/4
0.050  0.220543  0.260542      4/4
0.100  0.220391  0.259777      4/4
0.200  0.220151  0.258369      4/4
0.500  0.219715  0.254864      4/4
1.000  0.220373  0.251080      4/4

Best beta per pred_len (by MSE):
pred_len=96 → beta=0.5, mse=0.142973
pred_len=192 → beta=0.2, mse=0.186189
pred_len=336 → beta=0.5, mse=0.239178
pred_len=720 → beta=0.5, mse=0.310421

Overall best beta (by avg_mse):
beta=0.5, avg_mse=0.219715, avg_mae=0.254864, coverage=4/4


