
================================================================================
DATASET: ETTh1
================================================================================

---- Input Length: 96 ----
 pred_len model      mse      mae
       96 TQNet 0.371270 0.392854
      192 TQNet 0.428405 0.425984
      336 TQNet 0.474842 0.446124
      720 TQNet 0.487876 0.469856

AVG over pred_len:
MSE: 0.440598, MAE: 0.433704
------------------------------------------------------------

================================================================================
DATASET: ETTh2
================================================================================

---- Input Length: 96 ----
 pred_len model      mse      mae
       96 TQNet 0.294399 0.343996
      192 TQNet 0.367989 0.393386
      336 TQNet 0.417466 0.427573
      720 TQNet 0.433678 0.445674

AVG over pred_len:
MSE: 0.378383, MAE: 0.402657
------------------------------------------------------------

================================================================================
DATASET: ETTm1
================================================================================

---- Input Length: 96 ----
 pred_len model      mse      mae
       96 TQNet 0.310575 0.352820
      192 TQNet 0.356865 0.378278
      336 TQNet 0.389763 0.400927
      720 TQNet 0.448891 0.439204

AVG over pred_len:
MSE: 0.376523, MAE: 0.392807
------------------------------------------------------------

================================================================================
DATASET: ETTm2
================================================================================

---- Input Length: 96 ----
 pred_len model      mse      mae
       96 TQNet 0.173383 0.255250
      192 TQNet 0.243154 0.300325
      336 TQNet 0.300799 0.340221
      720 TQNet 0.395204 0.393779

AVG over pred_len:
MSE: 0.278135, MAE: 0.322394
------------------------------------------------------------

================================================================================
DATASET: Electricity
================================================================================

---- Input Length: 96 ----
 pred_len model      mse      mae
       96 TQNet 0.134260 0.229443
      192 TQNet 0.153554 0.246563
      336 TQNet 0.169582 0.264676
      720 TQNet 0.199534 0.293195

AVG over pred_len:
MSE: 0.164232, MAE: 0.258469
------------------------------------------------------------

================================================================================
DATASET: PEMS03
================================================================================

---- Input Length: 96 ----
 pred_len model      mse      mae
       12 TQNet 0.060349 0.161285
       24 TQNet 0.077427 0.183167
       48 TQNet 0.103484 0.213232
       96 TQNet 0.155599 0.256149

AVG over pred_len:
MSE: 0.099215, MAE: 0.203458
------------------------------------------------------------

================================================================================
DATASET: PEMS04
================================================================================

---- Input Length: 96 ----
 pred_len model      mse      mae
       12 TQNet 0.066504 0.166346
       24 TQNet 0.076729 0.180905
       48 TQNet 0.097833 0.207021
       96 TQNet 0.124491 0.233613

AVG over pred_len:
MSE: 0.091389, MAE: 0.196971
------------------------------------------------------------

================================================================================
DATASET: PEMS07
================================================================================

---- Input Length: 96 ----
 pred_len model      mse      mae
       12 TQNet 0.051628 0.143587
       24 TQNet 0.063093 0.159062
       48 TQNet 0.080343 0.179617
       96 TQNet 0.104004 0.202270

AVG over pred_len:
MSE: 0.074767, MAE: 0.171134
------------------------------------------------------------

================================================================================
DATASET: PEMS08
================================================================================

---- Input Length: 96 ----
 pred_len model      mse      mae
       12 TQNet 0.070594 0.169526
       24 TQNet 0.095027 0.195442
       48 TQNet 0.149008 0.243375
       96 TQNet 0.261700 0.310517

AVG over pred_len:
MSE: 0.144082, MAE: 0.229715
------------------------------------------------------------

================================================================================
DATASET: Solar
================================================================================

---- Input Length: 96 ----
 pred_len model      mse      mae
       96 TQNet 0.174551 0.233989
      192 TQNet 0.197751 0.255347
      336 TQNet 0.205469 0.261557
      720 TQNet 0.209502 0.270309

AVG over pred_len:
MSE: 0.196818, MAE: 0.255301
------------------------------------------------------------

================================================================================
DATASET: traffic
================================================================================

---- Input Length: 96 ----
 pred_len model      mse      mae
       96 TQNet 0.413200 0.260629
      192 TQNet 0.431692 0.271442
      336 TQNet 0.449666 0.276993
      720 TQNet 0.486068 0.295236

AVG over pred_len:
MSE: 0.445157, MAE: 0.276075
------------------------------------------------------------

================================================================================
DATASET: weather
================================================================================

---- Input Length: 96 ----
 pred_len model      mse      mae
       96 TQNet 0.156202 0.199762
      192 TQNet 0.205179 0.244796
      336 TQNet 0.262136 0.287233
      720 TQNet 0.342810 0.341800

AVG over pred_len:
MSE: 0.241582, MAE: 0.268398
------------------------------------------------------------
