Args in experiment:
Namespace(is_training=1, model_id='weather_96_96_fcv_patch2_b0.002', model='iTransformer', data='custom', root_path='./dataset/weather/', data_path='weather.csv', features='M', target='OT', freq='h', checkpoints='./checkpoints/', seq_len=96, label_len=48, pred_len=96, enc_in=21, dec_in=21, c_out=21, d_model=512, n_heads=8, e_layers=3, d_layers=1, d_ff=512, moving_avg=25, factor=1, distil=True, dropout=0.1, embed='timeF', activation='gelu', output_attention=False, do_predict=False, num_workers=10, itr=1, train_epochs=10, batch_size=32, patience=3, learning_rate=0.0001, des='Exp', loss='MSE', lradj='type1', use_amp=False, use_gpu=True, gpu=0, use_multi_gpu=False, devices='0,1,2,3', exp_name='MTSF', channel_independence=False, inverse=False, class_strategy='projection', target_root_path='./data/electricity/', target_data_path='electricity.csv', efficient_training=False, use_norm=True, partial_start_index=0, add_loss='fcv', num_pairs='max', loss_patchlen=2, alpha_add_loss=0.998, beta_add_loss=0.002)
Use GPU: cuda:0
>>>>>>>start training : long_term_forecast_weather_96_96_fcv_patch2_b0.002_iTransformer_custom_addlossfcv_numpairsmax_patchlen2_alpha0.998_beta0.002>>>>>>>>>>>>>>>>>>>>>>>>>>
train 36696
val 5175
test 10444
	iters: 100, epoch: 1 | loss: 0.4486988
	speed: 0.1126s/iter; left time: 1279.0349s
	iters: 200, epoch: 1 | loss: 0.5056304
	speed: 0.0786s/iter; left time: 884.6972s
	iters: 300, epoch: 1 | loss: 0.3335683
	speed: 0.0788s/iter; left time: 879.7684s
	iters: 400, epoch: 1 | loss: 0.4090439
	speed: 0.0787s/iter; left time: 870.1442s
	iters: 500, epoch: 1 | loss: 0.5067205
	speed: 0.0791s/iter; left time: 867.3330s
	iters: 600, epoch: 1 | loss: 0.3189999
	speed: 0.0793s/iter; left time: 861.1764s
	iters: 700, epoch: 1 | loss: 0.5858893
	speed: 0.0793s/iter; left time: 853.0371s
	iters: 800, epoch: 1 | loss: 0.4891049
	speed: 0.0794s/iter; left time: 846.8430s
	iters: 900, epoch: 1 | loss: 0.5014121
	speed: 0.0796s/iter; left time: 840.7920s
	iters: 1000, epoch: 1 | loss: 0.3044917
	speed: 0.0796s/iter; left time: 832.9306s
	iters: 1100, epoch: 1 | loss: 0.5357858
	speed: 0.0797s/iter; left time: 825.3403s
Epoch: 1 cost time: 94.23584175109863
