Args in experiment:
Namespace(is_training=1, model_id='weather_96_96_fcv_patch2_b0.005', model='iTransformer', data='custom', root_path='./dataset/weather/', data_path='weather.csv', features='M', target='OT', freq='h', checkpoints='./checkpoints/', seq_len=96, label_len=48, pred_len=96, enc_in=21, dec_in=21, c_out=21, d_model=512, n_heads=8, e_layers=3, d_layers=1, d_ff=512, moving_avg=25, factor=1, distil=True, dropout=0.1, embed='timeF', activation='gelu', output_attention=False, do_predict=False, num_workers=10, itr=1, train_epochs=10, batch_size=32, patience=3, learning_rate=0.0001, des='Exp', loss='MSE', lradj='type1', use_amp=False, use_gpu=True, gpu=0, use_multi_gpu=False, devices='0,1,2,3', exp_name='MTSF', channel_independence=False, inverse=False, class_strategy='projection', target_root_path='./data/electricity/', target_data_path='electricity.csv', efficient_training=False, use_norm=True, partial_start_index=0, add_loss='fcv', num_pairs='max', loss_patchlen=2, alpha_add_loss=0.995, beta_add_loss=0.005)
Use GPU: cuda:0
>>>>>>>start training : long_term_forecast_weather_96_96_fcv_patch2_b0.005_iTransformer_custom_addlossfcv_numpairsmax_patchlen2_alpha0.995_beta0.005>>>>>>>>>>>>>>>>>>>>>>>>>>
train 36696
val 5175
test 10444
	iters: 100, epoch: 1 | loss: 0.4488873
	speed: 0.1125s/iter; left time: 1277.9622s
	iters: 200, epoch: 1 | loss: 0.5058428
	speed: 0.0786s/iter; left time: 885.2550s
	iters: 300, epoch: 1 | loss: 0.3340411
	speed: 0.0787s/iter; left time: 878.0686s
	iters: 400, epoch: 1 | loss: 0.4094213
	speed: 0.0786s/iter; left time: 869.4491s
	iters: 500, epoch: 1 | loss: 0.5066741
	speed: 0.0792s/iter; left time: 868.1694s
	iters: 600, epoch: 1 | loss: 0.3195261
	speed: 0.0793s/iter; left time: 861.1871s
	iters: 700, epoch: 1 | loss: 0.5858104
	speed: 0.0793s/iter; left time: 853.0332s
	iters: 800, epoch: 1 | loss: 0.4894102
	speed: 0.0794s/iter; left time: 846.8046s
	iters: 900, epoch: 1 | loss: 0.5013605
	speed: 0.0796s/iter; left time: 840.4127s
	iters: 1000, epoch: 1 | loss: 0.3050491
	speed: 0.0797s/iter; left time: 833.5716s
